<?xml version="1.0" encoding="UTF-8"?>
<!-- Generated by org.testng.reporters.JUnitReportReporter -->
<testsuite skipped="1" hostname="LAPTOP-SMC8HIAI" name="testngflags.Flag2" tests="2" failures="0" timestamp="2022-06-04T09:06:26 IST" time="0.008" errors="0">
  <testcase name="login" time="0.008" classname="testngflags.Flag2"/>
  <system-out>
    <![CDATA[login performed]]>
  </system-out>
  <testcase name="logout" classname="testngflags.Flag2">
    <skipped/>
  </testcase> <!-- logout -->
  <system-out/>
</testsuite> <!-- testngflags.Flag2 -->
