<?xml version="1.0" encoding="UTF-8"?>
<!-- Generated by org.testng.reporters.JUnitReportReporter -->
<testsuite skipped="0" hostname="LAPTOP-SMC8HIAI" name="testngflags.Flag3" tests="1000" failures="0" timestamp="2022-06-04T09:11:18 IST" time="0.393" errors="0">
  <testcase name="login" time="0.000" classname="testngflags.Flag3"/>
  <system-out/>
  <testcase name="login" time="0.000" classname="testngflags.Flag3"/>
  <system-out/>
  <testcase name="login" time="0.000" classname="testngflags.Flag3"/>
  <system-out/>
  <testcase name="login" time="0.000" classname="testngflags.Flag3"/>
  <system-out/>
  <testcase name="login" time="0.000" classname="testngflags.Flag3"/>
  <system-out/>
  <testcase name="login" time="0.000" classname="testngflags.Flag3"/>
  <system-out/>
  <testcase name="login" time="0.000" classname="testngflags.Flag3"/>
  <system-out/>
  <testcase name="login" time="0.000" classname="testngflags.Flag3"/>
  <system-out/>
  <testcase name="login" time="0.001" classname="testngflags.Flag3"/>
  <system-out/>
  <testcase name="login" time="0.000" classname="testngflags.Flag3"/>
  <system-out/>
  <testcase name="login" time="0.000" classname="testngflags.Flag3"/>
  <system-out/>
  <testcase name="login" time="0.000" classname="testngflags.Flag3"/>
  <system-out/>
  <testcase name="login" time="0.001" classname="testngflags.Flag3"/>
  <system-out/>
  <testcase name="login" time="0.000" classname="testngflags.Flag3"/>
  <system-out/>
  <testcase name="login" time="0.000" classname="testngflags.Flag3"/>
  <system-out/>
  <testcase name="login" time="0.000" classname="testngflags.Flag3"/>
  <system-out/>
  <testcase name="login" time="0.000" classname="testngflags.Flag3"/>
  <system-out/>
  <testcase name="login" time="0.001" classname="testngflags.Flag3"/>
  <system-out/>
  <testcase name="login" time="0.000" classname="testngflags.Flag3"/>
  <system-out/>
  <testcase name="login" time="0.001" classname="testngflags.Flag3"/>
  <system-out/>
  <testcase name="login" time="0.001" classname="testngflags.Flag3"/>
  <system-out/>
  <testcase name="login" time="0.001" classname="testngflags.Flag3"/>
  <system-out/>
  <testcase name="login" time="0.001" classname="testngflags.Flag3"/>
  <system-out/>
  <testcase name="login" time="0.000" classname="testngflags.Flag3"/>
  <system-out/>
  <testcase name="login" time="0.000" classname="testngflags.Flag3"/>
  <system-out/>
  <testcase name="login" time="0.000" classname="testngflags.Flag3"/>
  <system-out/>
  <testcase name="login" time="0.000" classname="testngflags.Flag3"/>
  <system-out/>
  <testcase name="login" time="0.000" classname="testngflags.Flag3"/>
  <system-out/>
  <testcase name="login" time="0.001" classname="testngflags.Flag3"/>
  <system-out/>
  <testcase name="login" time="0.000" classname="testngflags.Flag3"/>
  <system-out/>
  <testcase name="login" time="0.000" classname="testngflags.Flag3"/>
  <system-out/>
  <testcase name="login" time="0.000" classname="testngflags.Flag3"/>
  <system-out/>
  <testcase name="login" time="0.000" classname="testngflags.Flag3"/>
  <system-out/>
  <testcase name="login" time="0.001" classname="testngflags.Flag3"/>
  <system-out/>
  <testcase name="login" time="0.000" classname="testngflags.Flag3"/>
  <system-out/>
  <testcase name="login" time="0.001" classname="testngflags.Flag3"/>
  <system-out/>
  <testcase name="login" time="0.001" classname="testngflags.Flag3"/>
  <system-out/>
  <testcase name="login" time="0.000" classname="testngflags.Flag3"/>
  <system-out/>
  <testcase name="login" time="0.001" classname="testngflags.Flag3"/>
  <system-out/>
  <testcase name="login" time="0.000" classname="testngflags.Flag3"/>
  <system-out/>
  <testcase name="login" time="0.000" classname="testngflags.Flag3"/>
  <system-out/>
  <testcase name="login" time="0.001" classname="testngflags.Flag3"/>
  <system-out/>
  <testcase name="login" time="0.000" classname="testngflags.Flag3"/>
  <system-out/>
  <testcase name="login" time="0.001" classname="testngflags.Flag3"/>
  <system-out/>
  <testcase name="login" time="0.000" classname="testngflags.Flag3"/>
  <system-out/>
  <testcase name="login" time="0.000" classname="testngflags.Flag3"/>
  <system-out/>
  <testcase name="login" time="0.000" classname="testngflags.Flag3"/>
  <system-out/>
  <testcase name="login" time="0.000" classname="testngflags.Flag3"/>
  <system-out/>
  <testcase name="login" time="0.001" classname="testngflags.Flag3"/>
  <system-out/>
  <testcase name="login" time="0.001" classname="testngflags.Flag3"/>
  <system-out/>
  <testcase name="login" time="0.001" classname="testngflags.Flag3"/>
  <system-out/>
  <testcase name="login" time="0.000" classname="testngflags.Flag3"/>
  <system-out/>
  <testcase name="login" time="0.000" classname="testngflags.Flag3"/>
  <system-out/>
  <testcase name="login" time="0.001" classname="testngflags.Flag3"/>
  <system-out/>
  <testcase name="login" time="0.001" classname="testngflags.Flag3"/>
  <system-out/>
  <testcase name="login" time="0.000" classname="testngflags.Flag3"/>
  <system-out/>
  <testcase name="login" time="0.000" classname="testngflags.Flag3"/>
  <system-out/>
  <testcase name="login" time="0.000" classname="testngflags.Flag3"/>
  <system-out/>
  <testcase name="login" time="0.001" classname="testngflags.Flag3"/>
  <system-out/>
  <testcase name="login" time="0.000" classname="testngflags.Flag3"/>
  <system-out/>
  <testcase name="login" time="0.000" classname="testngflags.Flag3"/>
  <system-out/>
  <testcase name="login" time="0.000" classname="testngflags.Flag3"/>
  <system-out/>
  <testcase name="login" time="0.000" classname="testngflags.Flag3"/>
  <system-out/>
  <testcase name="login" time="0.000" classname="testngflags.Flag3"/>
  <system-out/>
  <testcase name="login" time="0.001" classname="testngflags.Flag3"/>
  <system-out/>
  <testcase name="login" time="0.000" classname="testngflags.Flag3"/>
  <system-out/>
  <testcase name="login" time="0.000" classname="testngflags.Flag3"/>
  <system-out/>
  <testcase name="login" time="0.001" classname="testngflags.Flag3"/>
  <system-out/>
  <testcase name="login" time="0.000" classname="testngflags.Flag3"/>
  <system-out/>
  <testcase name="login" time="0.000" classname="testngflags.Flag3"/>
  <system-out/>
  <testcase name="login" time="0.001" classname="testngflags.Flag3"/>
  <system-out/>
  <testcase name="login" time="0.001" classname="testngflags.Flag3"/>
  <system-out/>
  <testcase name="login" time="0.001" classname="testngflags.Flag3"/>
  <system-out/>
  <testcase name="login" time="0.000" classname="testngflags.Flag3"/>
  <system-out/>
  <testcase name="login" time="0.001" classname="testngflags.Flag3"/>
  <system-out/>
  <testcase name="login" time="0.001" classname="testngflags.Flag3"/>
  <system-out/>
  <testcase name="login" time="0.000" classname="testngflags.Flag3"/>
  <system-out/>
  <testcase name="login" time="0.000" classname="testngflags.Flag3"/>
  <system-out/>
  <testcase name="login" time="0.000" classname="testngflags.Flag3"/>
  <system-out/>
  <testcase name="login" time="0.000" classname="testngflags.Flag3"/>
  <system-out/>
  <testcase name="login" time="0.000" classname="testngflags.Flag3"/>
  <system-out/>
  <testcase name="login" time="0.001" classname="testngflags.Flag3"/>
  <system-out/>
  <testcase name="login" time="0.000" classname="testngflags.Flag3"/>
  <system-out/>
  <testcase name="login" time="0.000" classname="testngflags.Flag3"/>
  <system-out/>
  <testcase name="login" time="0.000" classname="testngflags.Flag3"/>
  <system-out/>
  <testcase name="login" time="0.001" classname="testngflags.Flag3"/>
  <system-out/>
  <testcase name="login" time="0.001" classname="testngflags.Flag3"/>
  <system-out/>
  <testcase name="login" time="0.000" classname="testngflags.Flag3"/>
  <system-out/>
  <testcase name="login" time="0.000" classname="testngflags.Flag3"/>
  <system-out/>
  <testcase name="login" time="0.000" classname="testngflags.Flag3"/>
  <system-out/>
  <testcase name="login" time="0.001" classname="testngflags.Flag3"/>
  <system-out/>
  <testcase name="login" time="0.000" classname="testngflags.Flag3"/>
  <system-out/>
  <testcase name="login" time="0.000" classname="testngflags.Flag3"/>
  <system-out/>
  <testcase name="login" time="0.000" classname="testngflags.Flag3"/>
  <system-out/>
  <testcase name="login" time="0.000" classname="testngflags.Flag3"/>
  <system-out/>
  <testcase name="login" time="0.000" classname="testngflags.Flag3"/>
  <system-out/>
  <testcase name="login" time="0.000" classname="testngflags.Flag3"/>
  <system-out/>
  <testcase name="login" time="0.001" classname="testngflags.Flag3"/>
  <system-out/>
  <testcase name="login" time="0.000" classname="testngflags.Flag3"/>
  <system-out/>
  <testcase name="login" time="0.000" classname="testngflags.Flag3"/>
  <system-out/>
  <testcase name="login" time="0.000" classname="testngflags.Flag3"/>
  <system-out/>
  <testcase name="login" time="0.000" classname="testngflags.Flag3"/>
  <system-out/>
  <testcase name="login" time="0.000" classname="testngflags.Flag3"/>
  <system-out/>
  <testcase name="login" time="0.000" classname="testngflags.Flag3"/>
  <system-out/>
  <testcase name="login" time="0.000" classname="testngflags.Flag3"/>
  <system-out/>
  <testcase name="login" time="0.000" classname="testngflags.Flag3"/>
  <system-out/>
  <testcase name="login" time="0.000" classname="testngflags.Flag3"/>
  <system-out/>
  <testcase name="login" time="0.000" classname="testngflags.Flag3"/>
  <system-out/>
  <testcase name="login" time="0.001" classname="testngflags.Flag3"/>
  <system-out/>
  <testcase name="login" time="0.000" classname="testngflags.Flag3"/>
  <system-out/>
  <testcase name="login" time="0.001" classname="testngflags.Flag3"/>
  <system-out/>
  <testcase name="login" time="0.000" classname="testngflags.Flag3"/>
  <system-out/>
  <testcase name="login" time="0.000" classname="testngflags.Flag3"/>
  <system-out/>
  <testcase name="login" time="0.001" classname="testngflags.Flag3"/>
  <system-out/>
  <testcase name="login" time="0.000" classname="testngflags.Flag3"/>
  <system-out/>
  <testcase name="login" time="0.001" classname="testngflags.Flag3"/>
  <system-out/>
  <testcase name="login" time="0.000" classname="testngflags.Flag3"/>
  <system-out/>
  <testcase name="login" time="0.000" classname="testngflags.Flag3"/>
  <system-out/>
  <testcase name="login" time="0.001" classname="testngflags.Flag3"/>
  <system-out/>
  <testcase name="login" time="0.001" classname="testngflags.Flag3"/>
  <system-out/>
  <testcase name="login" time="0.001" classname="testngflags.Flag3"/>
  <system-out/>
  <testcase name="login" time="0.000" classname="testngflags.Flag3"/>
  <system-out/>
  <testcase name="login" time="0.001" classname="testngflags.Flag3"/>
  <system-out/>
  <testcase name="login" time="0.000" classname="testngflags.Flag3"/>
  <system-out/>
  <testcase name="login" time="0.000" classname="testngflags.Flag3"/>
  <system-out/>
  <testcase name="login" time="0.000" classname="testngflags.Flag3"/>
  <system-out/>
  <testcase name="login" time="0.001" classname="testngflags.Flag3"/>
  <system-out/>
  <testcase name="login" time="0.000" classname="testngflags.Flag3"/>
  <system-out/>
  <testcase name="login" time="0.000" classname="testngflags.Flag3"/>
  <system-out/>
  <testcase name="login" time="0.000" classname="testngflags.Flag3"/>
  <system-out/>
  <testcase name="login" time="0.000" classname="testngflags.Flag3"/>
  <system-out/>
  <testcase name="login" time="0.000" classname="testngflags.Flag3"/>
  <system-out/>
  <testcase name="login" time="0.000" classname="testngflags.Flag3"/>
  <system-out/>
  <testcase name="login" time="0.001" classname="testngflags.Flag3"/>
  <system-out/>
  <testcase name="login" time="0.000" classname="testngflags.Flag3"/>
  <system-out/>
  <testcase name="login" time="0.000" classname="testngflags.Flag3"/>
  <system-out/>
  <testcase name="login" time="0.000" classname="testngflags.Flag3"/>
  <system-out/>
  <testcase name="login" time="0.001" classname="testngflags.Flag3"/>
  <system-out/>
  <testcase name="login" time="0.000" classname="testngflags.Flag3"/>
  <system-out/>
  <testcase name="login" time="0.000" classname="testngflags.Flag3"/>
  <system-out/>
  <testcase name="login" time="0.000" classname="testngflags.Flag3"/>
  <system-out/>
  <testcase name="login" time="0.001" classname="testngflags.Flag3"/>
  <system-out/>
  <testcase name="login" time="0.001" classname="testngflags.Flag3"/>
  <system-out/>
  <testcase name="login" time="0.000" classname="testngflags.Flag3"/>
  <system-out/>
  <testcase name="login" time="0.000" classname="testngflags.Flag3"/>
  <system-out/>
  <testcase name="login" time="0.001" classname="testngflags.Flag3"/>
  <system-out/>
  <testcase name="login" time="0.001" classname="testngflags.Flag3"/>
  <system-out/>
  <testcase name="login" time="0.001" classname="testngflags.Flag3"/>
  <system-out/>
  <testcase name="login" time="0.000" classname="testngflags.Flag3"/>
  <system-out/>
  <testcase name="login" time="0.000" classname="testngflags.Flag3"/>
  <system-out/>
  <testcase name="login" time="0.001" classname="testngflags.Flag3"/>
  <system-out/>
  <testcase name="login" time="0.000" classname="testngflags.Flag3"/>
  <system-out/>
  <testcase name="login" time="0.001" classname="testngflags.Flag3"/>
  <system-out/>
  <testcase name="login" time="0.000" classname="testngflags.Flag3"/>
  <system-out/>
  <testcase name="login" time="0.000" classname="testngflags.Flag3"/>
  <system-out/>
  <testcase name="login" time="0.000" classname="testngflags.Flag3"/>
  <system-out/>
  <testcase name="login" time="0.000" classname="testngflags.Flag3"/>
  <system-out/>
  <testcase name="login" time="0.000" classname="testngflags.Flag3"/>
  <system-out/>
  <testcase name="login" time="0.000" classname="testngflags.Flag3"/>
  <system-out/>
  <testcase name="login" time="0.001" classname="testngflags.Flag3"/>
  <system-out/>
  <testcase name="login" time="0.000" classname="testngflags.Flag3"/>
  <system-out/>
  <testcase name="login" time="0.001" classname="testngflags.Flag3"/>
  <system-out/>
  <testcase name="login" time="0.000" classname="testngflags.Flag3"/>
  <system-out/>
  <testcase name="login" time="0.000" classname="testngflags.Flag3"/>
  <system-out/>
  <testcase name="login" time="0.000" classname="testngflags.Flag3"/>
  <system-out/>
  <testcase name="login" time="0.000" classname="testngflags.Flag3"/>
  <system-out/>
  <testcase name="login" time="0.001" classname="testngflags.Flag3"/>
  <system-out/>
  <testcase name="login" time="0.000" classname="testngflags.Flag3"/>
  <system-out/>
  <testcase name="login" time="0.000" classname="testngflags.Flag3"/>
  <system-out/>
  <testcase name="login" time="0.000" classname="testngflags.Flag3"/>
  <system-out/>
  <testcase name="login" time="0.001" classname="testngflags.Flag3"/>
  <system-out/>
  <testcase name="login" time="0.000" classname="testngflags.Flag3"/>
  <system-out/>
  <testcase name="login" time="0.000" classname="testngflags.Flag3"/>
  <system-out/>
  <testcase name="login" time="0.000" classname="testngflags.Flag3"/>
  <system-out/>
  <testcase name="login" time="0.000" classname="testngflags.Flag3"/>
  <system-out/>
  <testcase name="login" time="0.000" classname="testngflags.Flag3"/>
  <system-out/>
  <testcase name="login" time="0.000" classname="testngflags.Flag3"/>
  <system-out/>
  <testcase name="login" time="0.000" classname="testngflags.Flag3"/>
  <system-out/>
  <testcase name="login" time="0.001" classname="testngflags.Flag3"/>
  <system-out/>
  <testcase name="login" time="0.001" classname="testngflags.Flag3"/>
  <system-out/>
  <testcase name="login" time="0.000" classname="testngflags.Flag3"/>
  <system-out/>
  <testcase name="login" time="0.001" classname="testngflags.Flag3"/>
  <system-out/>
  <testcase name="login" time="0.000" classname="testngflags.Flag3"/>
  <system-out/>
  <testcase name="login" time="0.000" classname="testngflags.Flag3"/>
  <system-out/>
  <testcase name="login" time="0.001" classname="testngflags.Flag3"/>
  <system-out/>
  <testcase name="login" time="0.000" classname="testngflags.Flag3"/>
  <system-out/>
  <testcase name="login" time="0.000" classname="testngflags.Flag3"/>
  <system-out/>
  <testcase name="login" time="0.001" classname="testngflags.Flag3"/>
  <system-out/>
  <testcase name="login" time="0.001" classname="testngflags.Flag3"/>
  <system-out/>
  <testcase name="login" time="0.000" classname="testngflags.Flag3"/>
  <system-out/>
  <testcase name="login" time="0.001" classname="testngflags.Flag3"/>
  <system-out/>
  <testcase name="login" time="0.001" classname="testngflags.Flag3"/>
  <system-out/>
  <testcase name="login" time="0.000" classname="testngflags.Flag3"/>
  <system-out/>
  <testcase name="login" time="0.000" classname="testngflags.Flag3"/>
  <system-out/>
  <testcase name="login" time="0.000" classname="testngflags.Flag3"/>
  <system-out/>
  <testcase name="login" time="0.001" classname="testngflags.Flag3"/>
  <system-out/>
  <testcase name="login" time="0.000" classname="testngflags.Flag3"/>
  <system-out/>
  <testcase name="login" time="0.000" classname="testngflags.Flag3"/>
  <system-out/>
  <testcase name="login" time="0.000" classname="testngflags.Flag3"/>
  <system-out/>
  <testcase name="login" time="0.000" classname="testngflags.Flag3"/>
  <system-out/>
  <testcase name="login" time="0.001" classname="testngflags.Flag3"/>
  <system-out/>
  <testcase name="login" time="0.000" classname="testngflags.Flag3"/>
  <system-out/>
  <testcase name="login" time="0.000" classname="testngflags.Flag3"/>
  <system-out/>
  <testcase name="login" time="0.000" classname="testngflags.Flag3"/>
  <system-out/>
  <testcase name="login" time="0.000" classname="testngflags.Flag3"/>
  <system-out/>
  <testcase name="login" time="0.001" classname="testngflags.Flag3"/>
  <system-out/>
  <testcase name="login" time="0.000" classname="testngflags.Flag3"/>
  <system-out/>
  <testcase name="login" time="0.000" classname="testngflags.Flag3"/>
  <system-out/>
  <testcase name="login" time="0.003" classname="testngflags.Flag3"/>
  <system-out/>
  <testcase name="login" time="0.000" classname="testngflags.Flag3"/>
  <system-out/>
  <testcase name="login" time="0.001" classname="testngflags.Flag3"/>
  <system-out/>
  <testcase name="login" time="0.000" classname="testngflags.Flag3"/>
  <system-out/>
  <testcase name="login" time="0.001" classname="testngflags.Flag3"/>
  <system-out/>
  <testcase name="login" time="0.000" classname="testngflags.Flag3"/>
  <system-out/>
  <testcase name="login" time="0.000" classname="testngflags.Flag3"/>
  <system-out/>
  <testcase name="login" time="0.000" classname="testngflags.Flag3"/>
  <system-out/>
  <testcase name="login" time="0.001" classname="testngflags.Flag3"/>
  <system-out/>
  <testcase name="login" time="0.000" classname="testngflags.Flag3"/>
  <system-out/>
  <testcase name="login" time="0.000" classname="testngflags.Flag3"/>
  <system-out/>
  <testcase name="login" time="0.000" classname="testngflags.Flag3"/>
  <system-out/>
  <testcase name="login" time="0.000" classname="testngflags.Flag3"/>
  <system-out/>
  <testcase name="login" time="0.001" classname="testngflags.Flag3"/>
  <system-out/>
  <testcase name="login" time="0.000" classname="testngflags.Flag3"/>
  <system-out/>
  <testcase name="login" time="0.001" classname="testngflags.Flag3"/>
  <system-out/>
  <testcase name="login" time="0.001" classname="testngflags.Flag3"/>
  <system-out/>
  <testcase name="login" time="0.001" classname="testngflags.Flag3"/>
  <system-out/>
  <testcase name="login" time="0.000" classname="testngflags.Flag3"/>
  <system-out/>
  <testcase name="login" time="0.001" classname="testngflags.Flag3"/>
  <system-out/>
  <testcase name="login" time="0.000" classname="testngflags.Flag3"/>
  <system-out/>
  <testcase name="login" time="0.000" classname="testngflags.Flag3"/>
  <system-out/>
  <testcase name="login" time="0.000" classname="testngflags.Flag3"/>
  <system-out/>
  <testcase name="login" time="0.002" classname="testngflags.Flag3"/>
  <system-out/>
  <testcase name="login" time="0.001" classname="testngflags.Flag3"/>
  <system-out/>
  <testcase name="login" time="0.001" classname="testngflags.Flag3"/>
  <system-out/>
  <testcase name="login" time="0.001" classname="testngflags.Flag3"/>
  <system-out/>
  <testcase name="login" time="0.000" classname="testngflags.Flag3"/>
  <system-out/>
  <testcase name="login" time="0.000" classname="testngflags.Flag3"/>
  <system-out/>
  <testcase name="login" time="0.000" classname="testngflags.Flag3"/>
  <system-out/>
  <testcase name="login" time="0.000" classname="testngflags.Flag3"/>
  <system-out/>
  <testcase name="login" time="0.000" classname="testngflags.Flag3"/>
  <system-out/>
  <testcase name="login" time="0.001" classname="testngflags.Flag3"/>
  <system-out/>
  <testcase name="login" time="0.001" classname="testngflags.Flag3"/>
  <system-out/>
  <testcase name="login" time="0.007" classname="testngflags.Flag3"/>
  <system-out/>
  <testcase name="login" time="0.001" classname="testngflags.Flag3"/>
  <system-out/>
  <testcase name="login" time="0.000" classname="testngflags.Flag3"/>
  <system-out/>
  <testcase name="login" time="0.001" classname="testngflags.Flag3"/>
  <system-out/>
  <testcase name="login" time="0.000" classname="testngflags.Flag3"/>
  <system-out/>
  <testcase name="login" time="0.001" classname="testngflags.Flag3"/>
  <system-out/>
  <testcase name="login" time="0.001" classname="testngflags.Flag3"/>
  <system-out/>
  <testcase name="login" time="0.001" classname="testngflags.Flag3"/>
  <system-out/>
  <testcase name="login" time="0.000" classname="testngflags.Flag3"/>
  <system-out/>
  <testcase name="login" time="0.000" classname="testngflags.Flag3"/>
  <system-out/>
  <testcase name="login" time="0.001" classname="testngflags.Flag3"/>
  <system-out/>
  <testcase name="login" time="0.001" classname="testngflags.Flag3"/>
  <system-out/>
  <testcase name="login" time="0.000" classname="testngflags.Flag3"/>
  <system-out/>
  <testcase name="login" time="0.000" classname="testngflags.Flag3"/>
  <system-out/>
  <testcase name="login" time="0.001" classname="testngflags.Flag3"/>
  <system-out/>
  <testcase name="login" time="0.001" classname="testngflags.Flag3"/>
  <system-out/>
  <testcase name="login" time="0.000" classname="testngflags.Flag3"/>
  <system-out/>
  <testcase name="login" time="0.001" classname="testngflags.Flag3"/>
  <system-out/>
  <testcase name="login" time="0.000" classname="testngflags.Flag3"/>
  <system-out/>
  <testcase name="login" time="0.000" classname="testngflags.Flag3"/>
  <system-out/>
  <testcase name="login" time="0.000" classname="testngflags.Flag3"/>
  <system-out/>
  <testcase name="login" time="0.000" classname="testngflags.Flag3"/>
  <system-out/>
  <testcase name="login" time="0.000" classname="testngflags.Flag3"/>
  <system-out/>
  <testcase name="login" time="0.001" classname="testngflags.Flag3"/>
  <system-out/>
  <testcase name="login" time="0.001" classname="testngflags.Flag3"/>
  <system-out/>
  <testcase name="login" time="0.001" classname="testngflags.Flag3"/>
  <system-out/>
  <testcase name="login" time="0.000" classname="testngflags.Flag3"/>
  <system-out/>
  <testcase name="login" time="0.000" classname="testngflags.Flag3"/>
  <system-out/>
  <testcase name="login" time="0.000" classname="testngflags.Flag3"/>
  <system-out/>
  <testcase name="login" time="0.001" classname="testngflags.Flag3"/>
  <system-out/>
  <testcase name="login" time="0.000" classname="testngflags.Flag3"/>
  <system-out/>
  <testcase name="login" time="0.000" classname="testngflags.Flag3"/>
  <system-out/>
  <testcase name="login" time="0.000" classname="testngflags.Flag3"/>
  <system-out/>
  <testcase name="login" time="0.000" classname="testngflags.Flag3"/>
  <system-out/>
  <testcase name="login" time="0.001" classname="testngflags.Flag3"/>
  <system-out/>
  <testcase name="login" time="0.000" classname="testngflags.Flag3"/>
  <system-out/>
  <testcase name="login" time="0.000" classname="testngflags.Flag3"/>
  <system-out/>
  <testcase name="login" time="0.000" classname="testngflags.Flag3"/>
  <system-out/>
  <testcase name="login" time="0.000" classname="testngflags.Flag3"/>
  <system-out/>
  <testcase name="login" time="0.001" classname="testngflags.Flag3"/>
  <system-out/>
  <testcase name="login" time="0.000" classname="testngflags.Flag3"/>
  <system-out/>
  <testcase name="login" time="0.000" classname="testngflags.Flag3"/>
  <system-out/>
  <testcase name="login" time="0.001" classname="testngflags.Flag3"/>
  <system-out/>
  <testcase name="login" time="0.000" classname="testngflags.Flag3"/>
  <system-out/>
  <testcase name="login" time="0.000" classname="testngflags.Flag3"/>
  <system-out/>
  <testcase name="login" time="0.000" classname="testngflags.Flag3"/>
  <system-out/>
  <testcase name="login" time="0.001" classname="testngflags.Flag3"/>
  <system-out/>
  <testcase name="login" time="0.001" classname="testngflags.Flag3"/>
  <system-out/>
  <testcase name="login" time="0.001" classname="testngflags.Flag3"/>
  <system-out/>
  <testcase name="login" time="0.000" classname="testngflags.Flag3"/>
  <system-out/>
  <testcase name="login" time="0.001" classname="testngflags.Flag3"/>
  <system-out/>
  <testcase name="login" time="0.000" classname="testngflags.Flag3"/>
  <system-out/>
  <testcase name="login" time="0.000" classname="testngflags.Flag3"/>
  <system-out/>
  <testcase name="login" time="0.000" classname="testngflags.Flag3"/>
  <system-out/>
  <testcase name="login" time="0.000" classname="testngflags.Flag3"/>
  <system-out/>
  <testcase name="login" time="0.000" classname="testngflags.Flag3"/>
  <system-out/>
  <testcase name="login" time="0.000" classname="testngflags.Flag3"/>
  <system-out/>
  <testcase name="login" time="0.000" classname="testngflags.Flag3"/>
  <system-out/>
  <testcase name="login" time="0.000" classname="testngflags.Flag3"/>
  <system-out/>
  <testcase name="login" time="0.000" classname="testngflags.Flag3"/>
  <system-out/>
  <testcase name="login" time="0.000" classname="testngflags.Flag3"/>
  <system-out/>
  <testcase name="login" time="0.000" classname="testngflags.Flag3"/>
  <system-out/>
  <testcase name="login" time="0.000" classname="testngflags.Flag3"/>
  <system-out/>
  <testcase name="login" time="0.001" classname="testngflags.Flag3"/>
  <system-out/>
  <testcase name="login" time="0.001" classname="testngflags.Flag3"/>
  <system-out/>
  <testcase name="login" time="0.000" classname="testngflags.Flag3"/>
  <system-out/>
  <testcase name="login" time="0.000" classname="testngflags.Flag3"/>
  <system-out/>
  <testcase name="login" time="0.000" classname="testngflags.Flag3"/>
  <system-out/>
  <testcase name="login" time="0.001" classname="testngflags.Flag3"/>
  <system-out/>
  <testcase name="login" time="0.000" classname="testngflags.Flag3"/>
  <system-out/>
  <testcase name="login" time="0.000" classname="testngflags.Flag3"/>
  <system-out/>
  <testcase name="login" time="0.000" classname="testngflags.Flag3"/>
  <system-out/>
  <testcase name="login" time="0.001" classname="testngflags.Flag3"/>
  <system-out/>
  <testcase name="login" time="0.004" classname="testngflags.Flag3"/>
  <system-out/>
  <testcase name="login" time="0.000" classname="testngflags.Flag3"/>
  <system-out/>
  <testcase name="login" time="0.000" classname="testngflags.Flag3"/>
  <system-out/>
  <testcase name="login" time="0.000" classname="testngflags.Flag3"/>
  <system-out/>
  <testcase name="login" time="0.002" classname="testngflags.Flag3"/>
  <system-out/>
  <testcase name="login" time="0.001" classname="testngflags.Flag3"/>
  <system-out/>
  <testcase name="login" time="0.001" classname="testngflags.Flag3"/>
  <system-out/>
  <testcase name="login" time="0.000" classname="testngflags.Flag3"/>
  <system-out/>
  <testcase name="login" time="0.001" classname="testngflags.Flag3"/>
  <system-out/>
  <testcase name="login" time="0.000" classname="testngflags.Flag3"/>
  <system-out/>
  <testcase name="login" time="0.001" classname="testngflags.Flag3"/>
  <system-out/>
  <testcase name="login" time="0.000" classname="testngflags.Flag3"/>
  <system-out/>
  <testcase name="login" time="0.000" classname="testngflags.Flag3"/>
  <system-out/>
  <testcase name="login" time="0.001" classname="testngflags.Flag3"/>
  <system-out/>
  <testcase name="login" time="0.000" classname="testngflags.Flag3"/>
  <system-out/>
  <testcase name="login" time="0.000" classname="testngflags.Flag3"/>
  <system-out/>
  <testcase name="login" time="0.001" classname="testngflags.Flag3"/>
  <system-out/>
  <testcase name="login" time="0.001" classname="testngflags.Flag3"/>
  <system-out/>
  <testcase name="login" time="0.000" classname="testngflags.Flag3"/>
  <system-out/>
  <testcase name="login" time="0.000" classname="testngflags.Flag3"/>
  <system-out/>
  <testcase name="login" time="0.001" classname="testngflags.Flag3"/>
  <system-out/>
  <testcase name="login" time="0.001" classname="testngflags.Flag3"/>
  <system-out/>
  <testcase name="login" time="0.002" classname="testngflags.Flag3"/>
  <system-out/>
  <testcase name="login" time="0.001" classname="testngflags.Flag3"/>
  <system-out/>
  <testcase name="login" time="0.000" classname="testngflags.Flag3"/>
  <system-out/>
  <testcase name="login" time="0.000" classname="testngflags.Flag3"/>
  <system-out/>
  <testcase name="login" time="0.000" classname="testngflags.Flag3"/>
  <system-out/>
  <testcase name="login" time="0.000" classname="testngflags.Flag3"/>
  <system-out/>
  <testcase name="login" time="0.002" classname="testngflags.Flag3"/>
  <system-out/>
  <testcase name="login" time="0.000" classname="testngflags.Flag3"/>
  <system-out/>
  <testcase name="login" time="0.000" classname="testngflags.Flag3"/>
  <system-out/>
  <testcase name="login" time="0.000" classname="testngflags.Flag3"/>
  <system-out/>
  <testcase name="login" time="0.000" classname="testngflags.Flag3"/>
  <system-out/>
  <testcase name="login" time="0.000" classname="testngflags.Flag3"/>
  <system-out/>
  <testcase name="login" time="0.000" classname="testngflags.Flag3"/>
  <system-out/>
  <testcase name="login" time="0.001" classname="testngflags.Flag3"/>
  <system-out/>
  <testcase name="login" time="0.001" classname="testngflags.Flag3"/>
  <system-out/>
  <testcase name="login" time="0.000" classname="testngflags.Flag3"/>
  <system-out/>
  <testcase name="login" time="0.001" classname="testngflags.Flag3"/>
  <system-out/>
  <testcase name="login" time="0.000" classname="testngflags.Flag3"/>
  <system-out/>
  <testcase name="login" time="0.000" classname="testngflags.Flag3"/>
  <system-out/>
  <testcase name="login" time="0.000" classname="testngflags.Flag3"/>
  <system-out/>
  <testcase name="login" time="0.000" classname="testngflags.Flag3"/>
  <system-out/>
  <testcase name="login" time="0.000" classname="testngflags.Flag3"/>
  <system-out/>
  <testcase name="login" time="0.000" classname="testngflags.Flag3"/>
  <system-out/>
  <testcase name="login" time="0.001" classname="testngflags.Flag3"/>
  <system-out/>
  <testcase name="login" time="0.001" classname="testngflags.Flag3"/>
  <system-out/>
  <testcase name="login" time="0.000" classname="testngflags.Flag3"/>
  <system-out/>
  <testcase name="login" time="0.000" classname="testngflags.Flag3"/>
  <system-out/>
  <testcase name="login" time="0.001" classname="testngflags.Flag3"/>
  <system-out/>
  <testcase name="login" time="0.001" classname="testngflags.Flag3"/>
  <system-out/>
  <testcase name="login" time="0.000" classname="testngflags.Flag3"/>
  <system-out/>
  <testcase name="login" time="0.000" classname="testngflags.Flag3"/>
  <system-out/>
  <testcase name="login" time="0.007" classname="testngflags.Flag3"/>
  <system-out/>
  <testcase name="login" time="0.000" classname="testngflags.Flag3"/>
  <system-out/>
  <testcase name="login" time="0.000" classname="testngflags.Flag3"/>
  <system-out/>
  <testcase name="login" time="0.001" classname="testngflags.Flag3"/>
  <system-out/>
  <testcase name="login" time="0.000" classname="testngflags.Flag3"/>
  <system-out/>
  <testcase name="login" time="0.001" classname="testngflags.Flag3"/>
  <system-out/>
  <testcase name="login" time="0.001" classname="testngflags.Flag3"/>
  <system-out/>
  <testcase name="login" time="0.000" classname="testngflags.Flag3"/>
  <system-out/>
  <testcase name="login" time="0.000" classname="testngflags.Flag3"/>
  <system-out/>
  <testcase name="login" time="0.000" classname="testngflags.Flag3"/>
  <system-out/>
  <testcase name="login" time="0.001" classname="testngflags.Flag3"/>
  <system-out/>
  <testcase name="login" time="0.000" classname="testngflags.Flag3"/>
  <system-out/>
  <testcase name="login" time="0.000" classname="testngflags.Flag3"/>
  <system-out/>
  <testcase name="login" time="0.001" classname="testngflags.Flag3"/>
  <system-out/>
  <testcase name="login" time="0.001" classname="testngflags.Flag3"/>
  <system-out/>
  <testcase name="login" time="0.000" classname="testngflags.Flag3"/>
  <system-out/>
  <testcase name="login" time="0.000" classname="testngflags.Flag3"/>
  <system-out/>
  <testcase name="login" time="0.000" classname="testngflags.Flag3"/>
  <system-out/>
  <testcase name="login" time="0.001" classname="testngflags.Flag3"/>
  <system-out/>
  <testcase name="login" time="0.001" classname="testngflags.Flag3"/>
  <system-out/>
  <testcase name="login" time="0.000" classname="testngflags.Flag3"/>
  <system-out/>
  <testcase name="login" time="0.000" classname="testngflags.Flag3"/>
  <system-out/>
  <testcase name="login" time="0.001" classname="testngflags.Flag3"/>
  <system-out/>
  <testcase name="login" time="0.001" classname="testngflags.Flag3"/>
  <system-out/>
  <testcase name="login" time="0.000" classname="testngflags.Flag3"/>
  <system-out/>
  <testcase name="login" time="0.001" classname="testngflags.Flag3"/>
  <system-out/>
  <testcase name="login" time="0.000" classname="testngflags.Flag3"/>
  <system-out/>
  <testcase name="login" time="0.001" classname="testngflags.Flag3"/>
  <system-out/>
  <testcase name="login" time="0.001" classname="testngflags.Flag3"/>
  <system-out/>
  <testcase name="login" time="0.001" classname="testngflags.Flag3"/>
  <system-out/>
  <testcase name="login" time="0.000" classname="testngflags.Flag3"/>
  <system-out/>
  <testcase name="login" time="0.001" classname="testngflags.Flag3"/>
  <system-out/>
  <testcase name="login" time="0.000" classname="testngflags.Flag3"/>
  <system-out/>
  <testcase name="login" time="0.001" classname="testngflags.Flag3"/>
  <system-out/>
  <testcase name="login" time="0.000" classname="testngflags.Flag3"/>
  <system-out/>
  <testcase name="login" time="0.000" classname="testngflags.Flag3"/>
  <system-out/>
  <testcase name="login" time="0.000" classname="testngflags.Flag3"/>
  <system-out/>
  <testcase name="login" time="0.000" classname="testngflags.Flag3"/>
  <system-out/>
  <testcase name="login" time="0.001" classname="testngflags.Flag3"/>
  <system-out/>
  <testcase name="login" time="0.000" classname="testngflags.Flag3"/>
  <system-out/>
  <testcase name="login" time="0.000" classname="testngflags.Flag3"/>
  <system-out/>
  <testcase name="login" time="0.000" classname="testngflags.Flag3"/>
  <system-out/>
  <testcase name="login" time="0.000" classname="testngflags.Flag3"/>
  <system-out/>
  <testcase name="login" time="0.002" classname="testngflags.Flag3"/>
  <system-out/>
  <testcase name="login" time="0.001" classname="testngflags.Flag3"/>
  <system-out/>
  <testcase name="login" time="0.001" classname="testngflags.Flag3"/>
  <system-out/>
  <testcase name="login" time="0.000" classname="testngflags.Flag3"/>
  <system-out/>
  <testcase name="login" time="0.000" classname="testngflags.Flag3"/>
  <system-out/>
  <testcase name="login" time="0.001" classname="testngflags.Flag3"/>
  <system-out/>
  <testcase name="login" time="0.000" classname="testngflags.Flag3"/>
  <system-out/>
  <testcase name="login" time="0.000" classname="testngflags.Flag3"/>
  <system-out/>
  <testcase name="login" time="0.001" classname="testngflags.Flag3"/>
  <system-out/>
  <testcase name="login" time="0.000" classname="testngflags.Flag3"/>
  <system-out/>
  <testcase name="login" time="0.001" classname="testngflags.Flag3"/>
  <system-out/>
  <testcase name="login" time="0.001" classname="testngflags.Flag3"/>
  <system-out/>
  <testcase name="login" time="0.000" classname="testngflags.Flag3"/>
  <system-out/>
  <testcase name="login" time="0.000" classname="testngflags.Flag3"/>
  <system-out/>
  <testcase name="login" time="0.000" classname="testngflags.Flag3"/>
  <system-out/>
  <testcase name="login" time="0.000" classname="testngflags.Flag3"/>
  <system-out/>
  <testcase name="login" time="0.000" classname="testngflags.Flag3"/>
  <system-out/>
  <testcase name="login" time="0.000" classname="testngflags.Flag3"/>
  <system-out/>
  <testcase name="login" time="0.000" classname="testngflags.Flag3"/>
  <system-out/>
  <testcase name="login" time="0.000" classname="testngflags.Flag3"/>
  <system-out/>
  <testcase name="login" time="0.001" classname="testngflags.Flag3"/>
  <system-out/>
  <testcase name="login" time="0.000" classname="testngflags.Flag3"/>
  <system-out/>
  <testcase name="login" time="0.000" classname="testngflags.Flag3"/>
  <system-out/>
  <testcase name="login" time="0.000" classname="testngflags.Flag3"/>
  <system-out/>
  <testcase name="login" time="0.000" classname="testngflags.Flag3"/>
  <system-out/>
  <testcase name="login" time="0.001" classname="testngflags.Flag3"/>
  <system-out/>
  <testcase name="login" time="0.000" classname="testngflags.Flag3"/>
  <system-out/>
  <testcase name="login" time="0.001" classname="testngflags.Flag3"/>
  <system-out/>
  <testcase name="login" time="0.001" classname="testngflags.Flag3"/>
  <system-out/>
  <testcase name="login" time="0.001" classname="testngflags.Flag3"/>
  <system-out/>
  <testcase name="login" time="0.000" classname="testngflags.Flag3"/>
  <system-out/>
  <testcase name="login" time="0.000" classname="testngflags.Flag3"/>
  <system-out/>
  <testcase name="login" time="0.000" classname="testngflags.Flag3"/>
  <system-out/>
  <testcase name="login" time="0.000" classname="testngflags.Flag3"/>
  <system-out/>
  <testcase name="login" time="0.000" classname="testngflags.Flag3"/>
  <system-out/>
  <testcase name="login" time="0.000" classname="testngflags.Flag3"/>
  <system-out/>
  <testcase name="login" time="0.001" classname="testngflags.Flag3"/>
  <system-out/>
  <testcase name="login" time="0.001" classname="testngflags.Flag3"/>
  <system-out/>
  <testcase name="login" time="0.000" classname="testngflags.Flag3"/>
  <system-out/>
  <testcase name="login" time="0.000" classname="testngflags.Flag3"/>
  <system-out/>
  <testcase name="login" time="0.000" classname="testngflags.Flag3"/>
  <system-out/>
  <testcase name="login" time="0.000" classname="testngflags.Flag3"/>
  <system-out/>
  <testcase name="login" time="0.000" classname="testngflags.Flag3"/>
  <system-out/>
  <testcase name="login" time="0.000" classname="testngflags.Flag3"/>
  <system-out/>
  <testcase name="login" time="0.001" classname="testngflags.Flag3"/>
  <system-out/>
  <testcase name="login" time="0.000" classname="testngflags.Flag3"/>
  <system-out/>
  <testcase name="login" time="0.000" classname="testngflags.Flag3"/>
  <system-out/>
  <testcase name="login" time="0.000" classname="testngflags.Flag3"/>
  <system-out/>
  <testcase name="login" time="0.000" classname="testngflags.Flag3"/>
  <system-out/>
  <testcase name="login" time="0.000" classname="testngflags.Flag3"/>
  <system-out/>
  <testcase name="login" time="0.000" classname="testngflags.Flag3"/>
  <system-out/>
  <testcase name="login" time="0.000" classname="testngflags.Flag3"/>
  <system-out/>
  <testcase name="login" time="0.000" classname="testngflags.Flag3"/>
  <system-out/>
  <testcase name="login" time="0.000" classname="testngflags.Flag3"/>
  <system-out/>
  <testcase name="login" time="0.001" classname="testngflags.Flag3"/>
  <system-out/>
  <testcase name="login" time="0.000" classname="testngflags.Flag3"/>
  <system-out/>
  <testcase name="login" time="0.003" classname="testngflags.Flag3"/>
  <system-out/>
  <testcase name="login" time="0.001" classname="testngflags.Flag3"/>
  <system-out/>
  <testcase name="login" time="0.000" classname="testngflags.Flag3"/>
  <system-out/>
  <testcase name="login" time="0.000" classname="testngflags.Flag3"/>
  <system-out/>
  <testcase name="login" time="0.001" classname="testngflags.Flag3"/>
  <system-out/>
  <testcase name="login" time="0.002" classname="testngflags.Flag3"/>
  <system-out/>
  <testcase name="login" time="0.001" classname="testngflags.Flag3"/>
  <system-out/>
  <testcase name="login" time="0.000" classname="testngflags.Flag3"/>
  <system-out/>
  <testcase name="login" time="0.000" classname="testngflags.Flag3"/>
  <system-out/>
  <testcase name="login" time="0.001" classname="testngflags.Flag3"/>
  <system-out/>
  <testcase name="login" time="0.001" classname="testngflags.Flag3"/>
  <system-out/>
  <testcase name="login" time="0.000" classname="testngflags.Flag3"/>
  <system-out/>
  <testcase name="login" time="0.000" classname="testngflags.Flag3"/>
  <system-out/>
  <testcase name="login" time="0.000" classname="testngflags.Flag3"/>
  <system-out/>
  <testcase name="login" time="0.000" classname="testngflags.Flag3"/>
  <system-out/>
  <testcase name="login" time="0.001" classname="testngflags.Flag3"/>
  <system-out/>
  <testcase name="login" time="0.001" classname="testngflags.Flag3"/>
  <system-out/>
  <testcase name="login" time="0.001" classname="testngflags.Flag3"/>
  <system-out/>
  <testcase name="login" time="0.000" classname="testngflags.Flag3"/>
  <system-out/>
  <testcase name="login" time="0.001" classname="testngflags.Flag3"/>
  <system-out/>
  <testcase name="login" time="0.001" classname="testngflags.Flag3"/>
  <system-out/>
  <testcase name="login" time="0.000" classname="testngflags.Flag3"/>
  <system-out/>
  <testcase name="login" time="0.000" classname="testngflags.Flag3"/>
  <system-out/>
  <testcase name="login" time="0.000" classname="testngflags.Flag3"/>
  <system-out/>
  <testcase name="login" time="0.000" classname="testngflags.Flag3"/>
  <system-out/>
  <testcase name="login" time="0.000" classname="testngflags.Flag3"/>
  <system-out/>
  <testcase name="login" time="0.000" classname="testngflags.Flag3"/>
  <system-out/>
  <testcase name="login" time="0.001" classname="testngflags.Flag3"/>
  <system-out/>
  <testcase name="login" time="0.000" classname="testngflags.Flag3"/>
  <system-out/>
  <testcase name="login" time="0.000" classname="testngflags.Flag3"/>
  <system-out/>
  <testcase name="login" time="0.000" classname="testngflags.Flag3"/>
  <system-out/>
  <testcase name="login" time="0.000" classname="testngflags.Flag3"/>
  <system-out/>
  <testcase name="login" time="0.000" classname="testngflags.Flag3"/>
  <system-out/>
  <testcase name="login" time="0.001" classname="testngflags.Flag3"/>
  <system-out/>
  <testcase name="login" time="0.000" classname="testngflags.Flag3"/>
  <system-out/>
  <testcase name="login" time="0.001" classname="testngflags.Flag3"/>
  <system-out/>
  <testcase name="login" time="0.001" classname="testngflags.Flag3"/>
  <system-out/>
  <testcase name="login" time="0.000" classname="testngflags.Flag3"/>
  <system-out/>
  <testcase name="login" time="0.000" classname="testngflags.Flag3"/>
  <system-out/>
  <testcase name="login" time="0.000" classname="testngflags.Flag3"/>
  <system-out/>
  <testcase name="login" time="0.001" classname="testngflags.Flag3"/>
  <system-out/>
  <testcase name="login" time="0.001" classname="testngflags.Flag3"/>
  <system-out/>
  <testcase name="login" time="0.001" classname="testngflags.Flag3"/>
  <system-out/>
  <testcase name="login" time="0.000" classname="testngflags.Flag3"/>
  <system-out/>
  <testcase name="login" time="0.000" classname="testngflags.Flag3"/>
  <system-out/>
  <testcase name="login" time="0.000" classname="testngflags.Flag3"/>
  <system-out/>
  <testcase name="login" time="0.001" classname="testngflags.Flag3"/>
  <system-out/>
  <testcase name="login" time="0.000" classname="testngflags.Flag3"/>
  <system-out/>
  <testcase name="login" time="0.001" classname="testngflags.Flag3"/>
  <system-out/>
  <testcase name="login" time="0.000" classname="testngflags.Flag3"/>
  <system-out/>
  <testcase name="login" time="0.000" classname="testngflags.Flag3"/>
  <system-out/>
  <testcase name="login" time="0.000" classname="testngflags.Flag3"/>
  <system-out/>
  <testcase name="login" time="0.001" classname="testngflags.Flag3"/>
  <system-out/>
  <testcase name="login" time="0.000" classname="testngflags.Flag3"/>
  <system-out/>
  <testcase name="login" time="0.000" classname="testngflags.Flag3"/>
  <system-out/>
  <testcase name="login" time="0.000" classname="testngflags.Flag3"/>
  <system-out/>
  <testcase name="login" time="0.001" classname="testngflags.Flag3"/>
  <system-out/>
  <testcase name="login" time="0.001" classname="testngflags.Flag3"/>
  <system-out/>
  <testcase name="login" time="0.000" classname="testngflags.Flag3"/>
  <system-out/>
  <testcase name="login" time="0.000" classname="testngflags.Flag3"/>
  <system-out/>
  <testcase name="login" time="0.000" classname="testngflags.Flag3"/>
  <system-out/>
  <testcase name="login" time="0.000" classname="testngflags.Flag3"/>
  <system-out/>
  <testcase name="login" time="0.001" classname="testngflags.Flag3"/>
  <system-out/>
  <testcase name="login" time="0.001" classname="testngflags.Flag3"/>
  <system-out/>
  <testcase name="login" time="0.001" classname="testngflags.Flag3"/>
  <system-out/>
  <testcase name="login" time="0.000" classname="testngflags.Flag3"/>
  <system-out/>
  <testcase name="login" time="0.001" classname="testngflags.Flag3"/>
  <system-out/>
  <testcase name="login" time="0.002" classname="testngflags.Flag3"/>
  <system-out/>
  <testcase name="login" time="0.000" classname="testngflags.Flag3"/>
  <system-out/>
  <testcase name="login" time="0.001" classname="testngflags.Flag3"/>
  <system-out/>
  <testcase name="login" time="0.000" classname="testngflags.Flag3"/>
  <system-out/>
  <testcase name="login" time="0.000" classname="testngflags.Flag3"/>
  <system-out/>
  <testcase name="login" time="0.000" classname="testngflags.Flag3"/>
  <system-out/>
  <testcase name="login" time="0.000" classname="testngflags.Flag3"/>
  <system-out/>
  <testcase name="login" time="0.000" classname="testngflags.Flag3"/>
  <system-out/>
  <testcase name="login" time="0.000" classname="testngflags.Flag3"/>
  <system-out/>
  <testcase name="login" time="0.001" classname="testngflags.Flag3"/>
  <system-out/>
  <testcase name="login" time="0.000" classname="testngflags.Flag3"/>
  <system-out/>
  <testcase name="login" time="0.000" classname="testngflags.Flag3"/>
  <system-out/>
  <testcase name="login" time="0.001" classname="testngflags.Flag3"/>
  <system-out/>
  <testcase name="login" time="0.000" classname="testngflags.Flag3"/>
  <system-out/>
  <testcase name="login" time="0.000" classname="testngflags.Flag3"/>
  <system-out/>
  <testcase name="login" time="0.000" classname="testngflags.Flag3"/>
  <system-out/>
  <testcase name="login" time="0.000" classname="testngflags.Flag3"/>
  <system-out/>
  <testcase name="login" time="0.001" classname="testngflags.Flag3"/>
  <system-out/>
  <testcase name="login" time="0.000" classname="testngflags.Flag3"/>
  <system-out/>
  <testcase name="login" time="0.000" classname="testngflags.Flag3"/>
  <system-out/>
  <testcase name="login" time="0.000" classname="testngflags.Flag3"/>
  <system-out/>
  <testcase name="login" time="0.000" classname="testngflags.Flag3"/>
  <system-out/>
  <testcase name="login" time="0.001" classname="testngflags.Flag3"/>
  <system-out/>
  <testcase name="login" time="0.000" classname="testngflags.Flag3"/>
  <system-out/>
  <testcase name="login" time="0.001" classname="testngflags.Flag3"/>
  <system-out/>
  <testcase name="login" time="0.000" classname="testngflags.Flag3"/>
  <system-out/>
  <testcase name="login" time="0.000" classname="testngflags.Flag3"/>
  <system-out/>
  <testcase name="login" time="0.000" classname="testngflags.Flag3"/>
  <system-out/>
  <testcase name="login" time="0.000" classname="testngflags.Flag3"/>
  <system-out/>
  <testcase name="login" time="0.000" classname="testngflags.Flag3"/>
  <system-out/>
  <testcase name="login" time="0.001" classname="testngflags.Flag3"/>
  <system-out/>
  <testcase name="login" time="0.001" classname="testngflags.Flag3"/>
  <system-out/>
  <testcase name="login" time="0.000" classname="testngflags.Flag3"/>
  <system-out/>
  <testcase name="login" time="0.000" classname="testngflags.Flag3"/>
  <system-out/>
  <testcase name="login" time="0.001" classname="testngflags.Flag3"/>
  <system-out/>
  <testcase name="login" time="0.000" classname="testngflags.Flag3"/>
  <system-out/>
  <testcase name="login" time="0.000" classname="testngflags.Flag3"/>
  <system-out/>
  <testcase name="login" time="0.000" classname="testngflags.Flag3"/>
  <system-out/>
  <testcase name="login" time="0.000" classname="testngflags.Flag3"/>
  <system-out/>
  <testcase name="login" time="0.001" classname="testngflags.Flag3"/>
  <system-out/>
  <testcase name="login" time="0.001" classname="testngflags.Flag3"/>
  <system-out/>
  <testcase name="login" time="0.001" classname="testngflags.Flag3"/>
  <system-out/>
  <testcase name="login" time="0.000" classname="testngflags.Flag3"/>
  <system-out/>
  <testcase name="login" time="0.000" classname="testngflags.Flag3"/>
  <system-out/>
  <testcase name="login" time="0.000" classname="testngflags.Flag3"/>
  <system-out/>
  <testcase name="login" time="0.001" classname="testngflags.Flag3"/>
  <system-out/>
  <testcase name="login" time="0.000" classname="testngflags.Flag3"/>
  <system-out/>
  <testcase name="login" time="0.001" classname="testngflags.Flag3"/>
  <system-out/>
  <testcase name="login" time="0.000" classname="testngflags.Flag3"/>
  <system-out/>
  <testcase name="login" time="0.000" classname="testngflags.Flag3"/>
  <system-out/>
  <testcase name="login" time="0.000" classname="testngflags.Flag3"/>
  <system-out/>
  <testcase name="login" time="0.000" classname="testngflags.Flag3"/>
  <system-out/>
  <testcase name="login" time="0.001" classname="testngflags.Flag3"/>
  <system-out/>
  <testcase name="login" time="0.000" classname="testngflags.Flag3"/>
  <system-out/>
  <testcase name="login" time="0.000" classname="testngflags.Flag3"/>
  <system-out/>
  <testcase name="login" time="0.000" classname="testngflags.Flag3"/>
  <system-out/>
  <testcase name="login" time="0.000" classname="testngflags.Flag3"/>
  <system-out/>
  <testcase name="login" time="0.001" classname="testngflags.Flag3"/>
  <system-out/>
  <testcase name="login" time="0.000" classname="testngflags.Flag3"/>
  <system-out/>
  <testcase name="login" time="0.000" classname="testngflags.Flag3"/>
  <system-out/>
  <testcase name="login" time="0.001" classname="testngflags.Flag3"/>
  <system-out/>
  <testcase name="login" time="0.001" classname="testngflags.Flag3"/>
  <system-out/>
  <testcase name="login" time="0.001" classname="testngflags.Flag3"/>
  <system-out/>
  <testcase name="login" time="0.000" classname="testngflags.Flag3"/>
  <system-out/>
  <testcase name="login" time="0.001" classname="testngflags.Flag3"/>
  <system-out/>
  <testcase name="login" time="0.000" classname="testngflags.Flag3"/>
  <system-out/>
  <testcase name="login" time="0.001" classname="testngflags.Flag3"/>
  <system-out/>
  <testcase name="login" time="0.001" classname="testngflags.Flag3"/>
  <system-out/>
  <testcase name="login" time="0.000" classname="testngflags.Flag3"/>
  <system-out/>
  <testcase name="login" time="0.000" classname="testngflags.Flag3"/>
  <system-out/>
  <testcase name="login" time="0.000" classname="testngflags.Flag3"/>
  <system-out/>
  <testcase name="login" time="0.000" classname="testngflags.Flag3"/>
  <system-out/>
  <testcase name="login" time="0.000" classname="testngflags.Flag3"/>
  <system-out/>
  <testcase name="login" time="0.001" classname="testngflags.Flag3"/>
  <system-out/>
  <testcase name="login" time="0.000" classname="testngflags.Flag3"/>
  <system-out/>
  <testcase name="login" time="0.000" classname="testngflags.Flag3"/>
  <system-out/>
  <testcase name="login" time="0.001" classname="testngflags.Flag3"/>
  <system-out/>
  <testcase name="login" time="0.001" classname="testngflags.Flag3"/>
  <system-out/>
  <testcase name="login" time="0.000" classname="testngflags.Flag3"/>
  <system-out/>
  <testcase name="login" time="0.000" classname="testngflags.Flag3"/>
  <system-out/>
  <testcase name="login" time="0.001" classname="testngflags.Flag3"/>
  <system-out/>
  <testcase name="login" time="0.000" classname="testngflags.Flag3"/>
  <system-out/>
  <testcase name="login" time="0.000" classname="testngflags.Flag3"/>
  <system-out/>
  <testcase name="login" time="0.001" classname="testngflags.Flag3"/>
  <system-out/>
  <testcase name="login" time="0.000" classname="testngflags.Flag3"/>
  <system-out/>
  <testcase name="login" time="0.001" classname="testngflags.Flag3"/>
  <system-out/>
  <testcase name="login" time="0.000" classname="testngflags.Flag3"/>
  <system-out/>
  <testcase name="login" time="0.000" classname="testngflags.Flag3"/>
  <system-out/>
  <testcase name="login" time="0.000" classname="testngflags.Flag3"/>
  <system-out/>
  <testcase name="login" time="0.001" classname="testngflags.Flag3"/>
  <system-out/>
  <testcase name="login" time="0.000" classname="testngflags.Flag3"/>
  <system-out/>
  <testcase name="login" time="0.000" classname="testngflags.Flag3"/>
  <system-out/>
  <testcase name="login" time="0.003" classname="testngflags.Flag3"/>
  <system-out/>
  <testcase name="login" time="0.001" classname="testngflags.Flag3"/>
  <system-out/>
  <testcase name="login" time="0.000" classname="testngflags.Flag3"/>
  <system-out/>
  <testcase name="login" time="0.000" classname="testngflags.Flag3"/>
  <system-out/>
  <testcase name="login" time="0.000" classname="testngflags.Flag3"/>
  <system-out/>
  <testcase name="login" time="0.000" classname="testngflags.Flag3"/>
  <system-out/>
  <testcase name="login" time="0.001" classname="testngflags.Flag3"/>
  <system-out/>
  <testcase name="login" time="0.001" classname="testngflags.Flag3"/>
  <system-out/>
  <testcase name="login" time="0.000" classname="testngflags.Flag3"/>
  <system-out/>
  <testcase name="login" time="0.001" classname="testngflags.Flag3"/>
  <system-out/>
  <testcase name="login" time="0.001" classname="testngflags.Flag3"/>
  <system-out/>
  <testcase name="login" time="0.001" classname="testngflags.Flag3"/>
  <system-out/>
  <testcase name="login" time="0.000" classname="testngflags.Flag3"/>
  <system-out/>
  <testcase name="login" time="0.000" classname="testngflags.Flag3"/>
  <system-out/>
  <testcase name="login" time="0.000" classname="testngflags.Flag3"/>
  <system-out/>
  <testcase name="login" time="0.000" classname="testngflags.Flag3"/>
  <system-out/>
  <testcase name="login" time="0.001" classname="testngflags.Flag3"/>
  <system-out/>
  <testcase name="login" time="0.000" classname="testngflags.Flag3"/>
  <system-out/>
  <testcase name="login" time="0.000" classname="testngflags.Flag3"/>
  <system-out/>
  <testcase name="login" time="0.000" classname="testngflags.Flag3"/>
  <system-out/>
  <testcase name="login" time="0.000" classname="testngflags.Flag3"/>
  <system-out/>
  <testcase name="login" time="0.001" classname="testngflags.Flag3"/>
  <system-out/>
  <testcase name="login" time="0.000" classname="testngflags.Flag3"/>
  <system-out/>
  <testcase name="login" time="0.001" classname="testngflags.Flag3"/>
  <system-out/>
  <testcase name="login" time="0.001" classname="testngflags.Flag3"/>
  <system-out/>
  <testcase name="login" time="0.001" classname="testngflags.Flag3"/>
  <system-out/>
  <testcase name="login" time="0.000" classname="testngflags.Flag3"/>
  <system-out/>
  <testcase name="login" time="0.001" classname="testngflags.Flag3"/>
  <system-out/>
  <testcase name="login" time="0.000" classname="testngflags.Flag3"/>
  <system-out/>
  <testcase name="login" time="0.000" classname="testngflags.Flag3"/>
  <system-out/>
  <testcase name="login" time="0.000" classname="testngflags.Flag3"/>
  <system-out/>
  <testcase name="login" time="0.002" classname="testngflags.Flag3"/>
  <system-out/>
  <testcase name="login" time="0.001" classname="testngflags.Flag3"/>
  <system-out/>
  <testcase name="login" time="0.000" classname="testngflags.Flag3"/>
  <system-out/>
  <testcase name="login" time="0.001" classname="testngflags.Flag3"/>
  <system-out/>
  <testcase name="login" time="0.000" classname="testngflags.Flag3"/>
  <system-out/>
  <testcase name="login" time="0.000" classname="testngflags.Flag3"/>
  <system-out/>
  <testcase name="login" time="0.001" classname="testngflags.Flag3"/>
  <system-out/>
  <testcase name="login" time="0.000" classname="testngflags.Flag3"/>
  <system-out/>
  <testcase name="login" time="0.000" classname="testngflags.Flag3"/>
  <system-out/>
  <testcase name="login" time="0.001" classname="testngflags.Flag3"/>
  <system-out/>
  <testcase name="login" time="0.000" classname="testngflags.Flag3"/>
  <system-out/>
  <testcase name="login" time="0.000" classname="testngflags.Flag3"/>
  <system-out/>
  <testcase name="login" time="0.000" classname="testngflags.Flag3"/>
  <system-out/>
  <testcase name="login" time="0.001" classname="testngflags.Flag3"/>
  <system-out/>
  <testcase name="login" time="0.000" classname="testngflags.Flag3"/>
  <system-out/>
  <testcase name="login" time="0.000" classname="testngflags.Flag3"/>
  <system-out/>
  <testcase name="login" time="0.000" classname="testngflags.Flag3"/>
  <system-out/>
  <testcase name="login" time="0.000" classname="testngflags.Flag3"/>
  <system-out/>
  <testcase name="login" time="0.001" classname="testngflags.Flag3"/>
  <system-out/>
  <testcase name="login" time="0.001" classname="testngflags.Flag3"/>
  <system-out/>
  <testcase name="login" time="0.001" classname="testngflags.Flag3"/>
  <system-out/>
  <testcase name="login" time="0.000" classname="testngflags.Flag3"/>
  <system-out/>
  <testcase name="login" time="0.001" classname="testngflags.Flag3"/>
  <system-out/>
  <testcase name="login" time="0.001" classname="testngflags.Flag3"/>
  <system-out/>
  <testcase name="login" time="0.001" classname="testngflags.Flag3"/>
  <system-out/>
  <testcase name="login" time="0.001" classname="testngflags.Flag3"/>
  <system-out/>
  <testcase name="login" time="0.000" classname="testngflags.Flag3"/>
  <system-out/>
  <testcase name="login" time="0.000" classname="testngflags.Flag3"/>
  <system-out/>
  <testcase name="login" time="0.000" classname="testngflags.Flag3"/>
  <system-out/>
  <testcase name="login" time="0.000" classname="testngflags.Flag3"/>
  <system-out/>
  <testcase name="login" time="0.001" classname="testngflags.Flag3"/>
  <system-out/>
  <testcase name="login" time="0.000" classname="testngflags.Flag3"/>
  <system-out/>
  <testcase name="login" time="0.000" classname="testngflags.Flag3"/>
  <system-out/>
  <testcase name="login" time="0.000" classname="testngflags.Flag3"/>
  <system-out/>
  <testcase name="login" time="0.001" classname="testngflags.Flag3"/>
  <system-out/>
  <testcase name="login" time="0.001" classname="testngflags.Flag3"/>
  <system-out/>
  <testcase name="login" time="0.000" classname="testngflags.Flag3"/>
  <system-out/>
  <testcase name="login" time="0.000" classname="testngflags.Flag3"/>
  <system-out/>
  <testcase name="login" time="0.000" classname="testngflags.Flag3"/>
  <system-out/>
  <testcase name="login" time="0.001" classname="testngflags.Flag3"/>
  <system-out/>
  <testcase name="login" time="0.000" classname="testngflags.Flag3"/>
  <system-out/>
  <testcase name="login" time="0.001" classname="testngflags.Flag3"/>
  <system-out/>
  <testcase name="login" time="0.000" classname="testngflags.Flag3"/>
  <system-out/>
  <testcase name="login" time="0.001" classname="testngflags.Flag3"/>
  <system-out/>
  <testcase name="login" time="0.000" classname="testngflags.Flag3"/>
  <system-out/>
  <testcase name="login" time="0.000" classname="testngflags.Flag3"/>
  <system-out/>
  <testcase name="login" time="0.000" classname="testngflags.Flag3"/>
  <system-out/>
  <testcase name="login" time="0.000" classname="testngflags.Flag3"/>
  <system-out/>
  <testcase name="login" time="0.000" classname="testngflags.Flag3"/>
  <system-out/>
  <testcase name="login" time="0.000" classname="testngflags.Flag3"/>
  <system-out/>
  <testcase name="login" time="0.000" classname="testngflags.Flag3"/>
  <system-out/>
  <testcase name="login" time="0.000" classname="testngflags.Flag3"/>
  <system-out/>
  <testcase name="login" time="0.001" classname="testngflags.Flag3"/>
  <system-out/>
  <testcase name="login" time="0.001" classname="testngflags.Flag3"/>
  <system-out/>
  <testcase name="login" time="0.000" classname="testngflags.Flag3"/>
  <system-out/>
  <testcase name="login" time="0.000" classname="testngflags.Flag3"/>
  <system-out/>
  <testcase name="login" time="0.001" classname="testngflags.Flag3"/>
  <system-out/>
  <testcase name="login" time="0.001" classname="testngflags.Flag3"/>
  <system-out/>
  <testcase name="login" time="0.001" classname="testngflags.Flag3"/>
  <system-out/>
  <testcase name="login" time="0.000" classname="testngflags.Flag3"/>
  <system-out/>
  <testcase name="login" time="0.001" classname="testngflags.Flag3"/>
  <system-out/>
  <testcase name="login" time="0.000" classname="testngflags.Flag3"/>
  <system-out/>
  <testcase name="login" time="0.000" classname="testngflags.Flag3"/>
  <system-out/>
  <testcase name="login" time="0.000" classname="testngflags.Flag3"/>
  <system-out/>
  <testcase name="login" time="0.000" classname="testngflags.Flag3"/>
  <system-out/>
  <testcase name="login" time="0.000" classname="testngflags.Flag3"/>
  <system-out/>
  <testcase name="login" time="0.000" classname="testngflags.Flag3"/>
  <system-out/>
  <testcase name="login" time="0.001" classname="testngflags.Flag3"/>
  <system-out/>
  <testcase name="login" time="0.002" classname="testngflags.Flag3"/>
  <system-out/>
  <testcase name="login" time="0.000" classname="testngflags.Flag3"/>
  <system-out/>
  <testcase name="login" time="0.000" classname="testngflags.Flag3"/>
  <system-out/>
  <testcase name="login" time="0.000" classname="testngflags.Flag3"/>
  <system-out/>
  <testcase name="login" time="0.000" classname="testngflags.Flag3"/>
  <system-out/>
  <testcase name="login" time="0.000" classname="testngflags.Flag3"/>
  <system-out/>
  <testcase name="login" time="0.001" classname="testngflags.Flag3"/>
  <system-out/>
  <testcase name="login" time="0.001" classname="testngflags.Flag3"/>
  <system-out/>
  <testcase name="login" time="0.001" classname="testngflags.Flag3"/>
  <system-out/>
  <testcase name="login" time="0.001" classname="testngflags.Flag3"/>
  <system-out/>
  <testcase name="login" time="0.000" classname="testngflags.Flag3"/>
  <system-out/>
  <testcase name="login" time="0.001" classname="testngflags.Flag3"/>
  <system-out/>
  <testcase name="login" time="0.000" classname="testngflags.Flag3"/>
  <system-out/>
  <testcase name="login" time="0.000" classname="testngflags.Flag3"/>
  <system-out/>
  <testcase name="login" time="0.000" classname="testngflags.Flag3"/>
  <system-out/>
  <testcase name="login" time="0.001" classname="testngflags.Flag3"/>
  <system-out/>
  <testcase name="login" time="0.000" classname="testngflags.Flag3"/>
  <system-out/>
  <testcase name="login" time="0.001" classname="testngflags.Flag3"/>
  <system-out/>
  <testcase name="login" time="0.000" classname="testngflags.Flag3"/>
  <system-out/>
  <testcase name="login" time="0.001" classname="testngflags.Flag3"/>
  <system-out/>
  <testcase name="login" time="0.001" classname="testngflags.Flag3"/>
  <system-out/>
  <testcase name="login" time="0.001" classname="testngflags.Flag3"/>
  <system-out/>
  <testcase name="login" time="0.000" classname="testngflags.Flag3"/>
  <system-out/>
  <testcase name="login" time="0.000" classname="testngflags.Flag3"/>
  <system-out/>
  <testcase name="login" time="0.000" classname="testngflags.Flag3"/>
  <system-out/>
  <testcase name="login" time="0.001" classname="testngflags.Flag3"/>
  <system-out/>
  <testcase name="login" time="0.001" classname="testngflags.Flag3"/>
  <system-out/>
  <testcase name="login" time="0.000" classname="testngflags.Flag3"/>
  <system-out/>
  <testcase name="login" time="0.000" classname="testngflags.Flag3"/>
  <system-out/>
  <testcase name="login" time="0.001" classname="testngflags.Flag3"/>
  <system-out/>
  <testcase name="login" time="0.001" classname="testngflags.Flag3"/>
  <system-out/>
  <testcase name="login" time="0.000" classname="testngflags.Flag3"/>
  <system-out/>
  <testcase name="login" time="0.001" classname="testngflags.Flag3"/>
  <system-out/>
  <testcase name="login" time="0.000" classname="testngflags.Flag3"/>
  <system-out/>
  <testcase name="login" time="0.000" classname="testngflags.Flag3"/>
  <system-out/>
  <testcase name="login" time="0.000" classname="testngflags.Flag3"/>
  <system-out/>
  <testcase name="login" time="0.000" classname="testngflags.Flag3"/>
  <system-out/>
  <testcase name="login" time="0.000" classname="testngflags.Flag3"/>
  <system-out/>
  <testcase name="login" time="0.000" classname="testngflags.Flag3"/>
  <system-out/>
  <testcase name="login" time="0.001" classname="testngflags.Flag3"/>
  <system-out/>
  <testcase name="login" time="0.001" classname="testngflags.Flag3"/>
  <system-out/>
  <testcase name="login" time="0.000" classname="testngflags.Flag3"/>
  <system-out/>
  <testcase name="login" time="0.000" classname="testngflags.Flag3"/>
  <system-out/>
  <testcase name="login" time="0.001" classname="testngflags.Flag3"/>
  <system-out/>
  <testcase name="login" time="0.001" classname="testngflags.Flag3"/>
  <system-out/>
  <testcase name="login" time="0.001" classname="testngflags.Flag3"/>
  <system-out/>
  <testcase name="login" time="0.002" classname="testngflags.Flag3"/>
  <system-out/>
  <testcase name="login" time="0.001" classname="testngflags.Flag3"/>
  <system-out/>
  <testcase name="login" time="0.001" classname="testngflags.Flag3"/>
  <system-out/>
  <testcase name="login" time="0.000" classname="testngflags.Flag3"/>
  <system-out/>
  <testcase name="login" time="0.000" classname="testngflags.Flag3"/>
  <system-out/>
  <testcase name="login" time="0.000" classname="testngflags.Flag3"/>
  <system-out/>
  <testcase name="login" time="0.000" classname="testngflags.Flag3"/>
  <system-out/>
  <testcase name="login" time="0.000" classname="testngflags.Flag3"/>
  <system-out/>
  <testcase name="login" time="0.000" classname="testngflags.Flag3"/>
  <system-out/>
  <testcase name="login" time="0.000" classname="testngflags.Flag3"/>
  <system-out/>
  <testcase name="login" time="0.000" classname="testngflags.Flag3"/>
  <system-out/>
  <testcase name="login" time="0.001" classname="testngflags.Flag3"/>
  <system-out/>
  <testcase name="login" time="0.001" classname="testngflags.Flag3"/>
  <system-out/>
  <testcase name="login" time="0.000" classname="testngflags.Flag3"/>
  <system-out/>
  <testcase name="login" time="0.001" classname="testngflags.Flag3"/>
  <system-out/>
  <testcase name="login" time="0.000" classname="testngflags.Flag3"/>
  <system-out/>
  <testcase name="login" time="0.001" classname="testngflags.Flag3"/>
  <system-out/>
  <testcase name="login" time="0.001" classname="testngflags.Flag3"/>
  <system-out/>
  <testcase name="login" time="0.000" classname="testngflags.Flag3"/>
  <system-out/>
  <testcase name="login" time="0.000" classname="testngflags.Flag3"/>
  <system-out/>
  <testcase name="login" time="0.000" classname="testngflags.Flag3"/>
  <system-out/>
  <testcase name="login" time="0.001" classname="testngflags.Flag3"/>
  <system-out/>
  <testcase name="login" time="0.000" classname="testngflags.Flag3"/>
  <system-out/>
  <testcase name="login" time="0.000" classname="testngflags.Flag3"/>
  <system-out/>
  <testcase name="login" time="0.000" classname="testngflags.Flag3"/>
  <system-out/>
  <testcase name="login" time="0.000" classname="testngflags.Flag3"/>
  <system-out/>
  <testcase name="login" time="0.001" classname="testngflags.Flag3"/>
  <system-out/>
  <testcase name="login" time="0.005" classname="testngflags.Flag3"/>
  <system-out/>
  <testcase name="login" time="0.000" classname="testngflags.Flag3"/>
  <system-out/>
  <testcase name="login" time="0.000" classname="testngflags.Flag3"/>
  <system-out/>
  <testcase name="login" time="0.000" classname="testngflags.Flag3"/>
  <system-out/>
  <testcase name="login" time="0.000" classname="testngflags.Flag3"/>
  <system-out/>
  <testcase name="login" time="0.000" classname="testngflags.Flag3"/>
  <system-out/>
  <testcase name="login" time="0.001" classname="testngflags.Flag3"/>
  <system-out/>
  <testcase name="login" time="0.000" classname="testngflags.Flag3"/>
  <system-out/>
  <testcase name="login" time="0.000" classname="testngflags.Flag3"/>
  <system-out/>
  <testcase name="login" time="0.000" classname="testngflags.Flag3"/>
  <system-out/>
  <testcase name="login" time="0.000" classname="testngflags.Flag3"/>
  <system-out/>
  <testcase name="login" time="0.001" classname="testngflags.Flag3"/>
  <system-out/>
  <testcase name="login" time="0.000" classname="testngflags.Flag3"/>
  <system-out/>
  <testcase name="login" time="0.001" classname="testngflags.Flag3"/>
  <system-out/>
  <testcase name="login" time="0.000" classname="testngflags.Flag3"/>
  <system-out/>
  <testcase name="login" time="0.000" classname="testngflags.Flag3"/>
  <system-out/>
  <testcase name="login" time="0.000" classname="testngflags.Flag3"/>
  <system-out/>
  <testcase name="login" time="0.001" classname="testngflags.Flag3"/>
  <system-out/>
  <testcase name="login" time="0.000" classname="testngflags.Flag3"/>
  <system-out/>
  <testcase name="login" time="0.000" classname="testngflags.Flag3"/>
  <system-out/>
  <testcase name="login" time="0.001" classname="testngflags.Flag3"/>
  <system-out/>
  <testcase name="login" time="0.001" classname="testngflags.Flag3"/>
  <system-out/>
  <testcase name="login" time="0.000" classname="testngflags.Flag3"/>
  <system-out/>
  <testcase name="login" time="0.000" classname="testngflags.Flag3"/>
  <system-out/>
  <testcase name="login" time="0.000" classname="testngflags.Flag3"/>
  <system-out/>
  <testcase name="login" time="0.001" classname="testngflags.Flag3"/>
  <system-out/>
  <testcase name="login" time="0.001" classname="testngflags.Flag3"/>
  <system-out/>
  <testcase name="login" time="0.000" classname="testngflags.Flag3"/>
  <system-out/>
  <testcase name="login" time="0.000" classname="testngflags.Flag3"/>
  <system-out/>
  <testcase name="login" time="0.001" classname="testngflags.Flag3"/>
  <system-out/>
  <testcase name="login" time="0.001" classname="testngflags.Flag3"/>
  <system-out/>
  <testcase name="login" time="0.000" classname="testngflags.Flag3"/>
  <system-out/>
  <testcase name="login" time="0.001" classname="testngflags.Flag3"/>
  <system-out/>
  <testcase name="login" time="0.000" classname="testngflags.Flag3"/>
  <system-out/>
  <testcase name="login" time="0.000" classname="testngflags.Flag3"/>
  <system-out/>
  <testcase name="login" time="0.001" classname="testngflags.Flag3"/>
  <system-out/>
  <testcase name="login" time="0.000" classname="testngflags.Flag3"/>
  <system-out/>
  <testcase name="login" time="0.000" classname="testngflags.Flag3"/>
  <system-out/>
  <testcase name="login" time="0.001" classname="testngflags.Flag3"/>
  <system-out/>
  <testcase name="login" time="0.000" classname="testngflags.Flag3"/>
  <system-out/>
  <testcase name="login" time="0.000" classname="testngflags.Flag3"/>
  <system-out/>
  <testcase name="login" time="0.001" classname="testngflags.Flag3"/>
  <system-out/>
  <testcase name="login" time="0.001" classname="testngflags.Flag3"/>
  <system-out/>
  <testcase name="login" time="0.000" classname="testngflags.Flag3"/>
  <system-out/>
  <testcase name="login" time="0.001" classname="testngflags.Flag3"/>
  <system-out/>
  <testcase name="login" time="0.000" classname="testngflags.Flag3"/>
  <system-out/>
  <testcase name="login" time="0.000" classname="testngflags.Flag3"/>
  <system-out/>
  <testcase name="login" time="0.001" classname="testngflags.Flag3"/>
  <system-out/>
  <testcase name="login" time="0.000" classname="testngflags.Flag3"/>
  <system-out/>
  <testcase name="login" time="0.000" classname="testngflags.Flag3"/>
  <system-out/>
  <testcase name="login" time="0.002" classname="testngflags.Flag3"/>
  <system-out/>
  <testcase name="login" time="0.000" classname="testngflags.Flag3"/>
  <system-out/>
  <testcase name="login" time="0.000" classname="testngflags.Flag3"/>
  <system-out/>
  <testcase name="login" time="0.000" classname="testngflags.Flag3"/>
  <system-out/>
  <testcase name="login" time="0.000" classname="testngflags.Flag3"/>
  <system-out/>
  <testcase name="login" time="0.001" classname="testngflags.Flag3"/>
  <system-out/>
  <testcase name="login" time="0.001" classname="testngflags.Flag3"/>
  <system-out/>
  <testcase name="login" time="0.001" classname="testngflags.Flag3"/>
  <system-out/>
  <testcase name="login" time="0.000" classname="testngflags.Flag3"/>
  <system-out/>
  <testcase name="login" time="0.000" classname="testngflags.Flag3"/>
  <system-out/>
  <testcase name="login" time="0.000" classname="testngflags.Flag3"/>
  <system-out/>
  <testcase name="login" time="0.000" classname="testngflags.Flag3"/>
  <system-out/>
  <testcase name="login" time="0.000" classname="testngflags.Flag3"/>
  <system-out/>
  <testcase name="login" time="0.001" classname="testngflags.Flag3"/>
  <system-out/>
  <testcase name="login" time="0.000" classname="testngflags.Flag3"/>
  <system-out/>
  <testcase name="login" time="0.001" classname="testngflags.Flag3"/>
  <system-out/>
  <testcase name="login" time="0.000" classname="testngflags.Flag3"/>
  <system-out/>
  <testcase name="login" time="0.000" classname="testngflags.Flag3"/>
  <system-out/>
  <testcase name="login" time="0.001" classname="testngflags.Flag3"/>
  <system-out/>
  <testcase name="login" time="0.000" classname="testngflags.Flag3"/>
  <system-out/>
  <testcase name="login" time="0.000" classname="testngflags.Flag3"/>
  <system-out/>
  <testcase name="login" time="0.000" classname="testngflags.Flag3"/>
  <system-out/>
  <testcase name="login" time="0.000" classname="testngflags.Flag3"/>
  <system-out/>
  <testcase name="login" time="0.000" classname="testngflags.Flag3"/>
  <system-out/>
  <testcase name="login" time="0.000" classname="testngflags.Flag3"/>
  <system-out/>
  <testcase name="login" time="0.000" classname="testngflags.Flag3"/>
  <system-out/>
  <testcase name="login" time="0.001" classname="testngflags.Flag3"/>
  <system-out/>
  <testcase name="login" time="0.000" classname="testngflags.Flag3"/>
  <system-out/>
  <testcase name="login" time="0.001" classname="testngflags.Flag3"/>
  <system-out/>
  <testcase name="login" time="0.002" classname="testngflags.Flag3"/>
  <system-out/>
  <testcase name="login" time="0.001" classname="testngflags.Flag3"/>
  <system-out/>
  <testcase name="login" time="0.000" classname="testngflags.Flag3"/>
  <system-out/>
  <testcase name="login" time="0.000" classname="testngflags.Flag3"/>
  <system-out/>
  <testcase name="login" time="0.001" classname="testngflags.Flag3"/>
  <system-out/>
  <testcase name="login" time="0.000" classname="testngflags.Flag3"/>
  <system-out/>
  <testcase name="login" time="0.000" classname="testngflags.Flag3"/>
  <system-out/>
  <testcase name="login" time="0.001" classname="testngflags.Flag3"/>
  <system-out/>
  <testcase name="login" time="0.000" classname="testngflags.Flag3"/>
  <system-out/>
  <testcase name="login" time="0.000" classname="testngflags.Flag3"/>
  <system-out/>
  <testcase name="login" time="0.000" classname="testngflags.Flag3"/>
  <system-out/>
  <testcase name="login" time="0.001" classname="testngflags.Flag3"/>
  <system-out/>
  <testcase name="login" time="0.001" classname="testngflags.Flag3"/>
  <system-out/>
  <testcase name="login" time="0.000" classname="testngflags.Flag3"/>
  <system-out/>
  <testcase name="login" time="0.000" classname="testngflags.Flag3"/>
  <system-out/>
  <testcase name="login" time="0.001" classname="testngflags.Flag3"/>
  <system-out/>
  <testcase name="login" time="0.001" classname="testngflags.Flag3"/>
  <system-out/>
  <testcase name="login" time="0.000" classname="testngflags.Flag3"/>
  <system-out/>
  <testcase name="login" time="0.000" classname="testngflags.Flag3"/>
  <system-out/>
  <testcase name="login" time="0.000" classname="testngflags.Flag3"/>
  <system-out/>
  <testcase name="login" time="0.001" classname="testngflags.Flag3"/>
  <system-out/>
  <testcase name="login" time="0.001" classname="testngflags.Flag3"/>
  <system-out/>
  <testcase name="login" time="0.000" classname="testngflags.Flag3"/>
  <system-out/>
  <testcase name="login" time="0.001" classname="testngflags.Flag3"/>
  <system-out/>
  <testcase name="login" time="0.001" classname="testngflags.Flag3"/>
  <system-out/>
  <testcase name="login" time="0.000" classname="testngflags.Flag3"/>
  <system-out/>
  <testcase name="login" time="0.000" classname="testngflags.Flag3"/>
  <system-out/>
  <testcase name="login" time="0.000" classname="testngflags.Flag3"/>
  <system-out/>
  <testcase name="login" time="0.001" classname="testngflags.Flag3"/>
  <system-out/>
  <testcase name="login" time="0.000" classname="testngflags.Flag3"/>
  <system-out/>
  <testcase name="login" time="0.001" classname="testngflags.Flag3"/>
  <system-out/>
  <testcase name="login" time="0.001" classname="testngflags.Flag3"/>
  <system-out/>
  <testcase name="login" time="0.000" classname="testngflags.Flag3"/>
  <system-out/>
  <testcase name="login" time="0.000" classname="testngflags.Flag3"/>
  <system-out/>
  <testcase name="login" time="0.001" classname="testngflags.Flag3"/>
  <system-out/>
  <testcase name="login" time="0.001" classname="testngflags.Flag3"/>
  <system-out/>
  <testcase name="login" time="0.000" classname="testngflags.Flag3"/>
  <system-out/>
  <testcase name="login" time="0.000" classname="testngflags.Flag3"/>
  <system-out/>
  <testcase name="login" time="0.000" classname="testngflags.Flag3"/>
  <system-out/>
  <testcase name="login" time="0.000" classname="testngflags.Flag3"/>
  <system-out/>
  <testcase name="login" time="0.000" classname="testngflags.Flag3"/>
  <system-out/>
  <testcase name="login" time="0.000" classname="testngflags.Flag3"/>
  <system-out/>
  <testcase name="login" time="0.000" classname="testngflags.Flag3"/>
  <system-out/>
  <testcase name="login" time="0.000" classname="testngflags.Flag3"/>
  <system-out/>
  <testcase name="login" time="0.000" classname="testngflags.Flag3"/>
  <system-out/>
  <testcase name="login" time="0.000" classname="testngflags.Flag3"/>
  <system-out/>
  <testcase name="login" time="0.000" classname="testngflags.Flag3"/>
  <system-out/>
  <testcase name="login" time="0.000" classname="testngflags.Flag3"/>
  <system-out/>
  <testcase name="login" time="0.000" classname="testngflags.Flag3"/>
  <system-out/>
  <testcase name="login" time="0.000" classname="testngflags.Flag3"/>
  <system-out/>
  <testcase name="login" time="0.000" classname="testngflags.Flag3"/>
  <system-out/>
  <testcase name="login" time="0.001" classname="testngflags.Flag3"/>
  <system-out/>
  <testcase name="login" time="0.000" classname="testngflags.Flag3"/>
  <system-out/>
  <testcase name="login" time="0.001" classname="testngflags.Flag3"/>
  <system-out/>
  <testcase name="login" time="0.000" classname="testngflags.Flag3"/>
  <system-out/>
  <testcase name="login" time="0.001" classname="testngflags.Flag3"/>
  <system-out/>
  <testcase name="login" time="0.000" classname="testngflags.Flag3"/>
  <system-out/>
  <testcase name="login" time="0.000" classname="testngflags.Flag3"/>
  <system-out/>
  <testcase name="login" time="0.001" classname="testngflags.Flag3"/>
  <system-out/>
  <testcase name="login" time="0.000" classname="testngflags.Flag3"/>
  <system-out/>
  <testcase name="login" time="0.000" classname="testngflags.Flag3"/>
  <system-out/>
  <testcase name="login" time="0.000" classname="testngflags.Flag3"/>
  <system-out/>
  <testcase name="login" time="0.000" classname="testngflags.Flag3"/>
  <system-out/>
  <testcase name="login" time="0.001" classname="testngflags.Flag3"/>
  <system-out/>
  <testcase name="login" time="0.000" classname="testngflags.Flag3"/>
  <system-out/>
  <testcase name="login" time="0.000" classname="testngflags.Flag3"/>
  <system-out/>
  <testcase name="login" time="0.000" classname="testngflags.Flag3"/>
  <system-out/>
  <testcase name="login" time="0.000" classname="testngflags.Flag3"/>
  <system-out/>
  <testcase name="login" time="0.000" classname="testngflags.Flag3"/>
  <system-out/>
  <testcase name="login" time="0.000" classname="testngflags.Flag3"/>
  <system-out/>
  <testcase name="login" time="0.000" classname="testngflags.Flag3"/>
  <system-out/>
  <testcase name="login" time="0.000" classname="testngflags.Flag3"/>
  <system-out/>
  <testcase name="login" time="0.000" classname="testngflags.Flag3"/>
  <system-out/>
  <testcase name="login" time="0.001" classname="testngflags.Flag3"/>
  <system-out/>
  <testcase name="login" time="0.000" classname="testngflags.Flag3"/>
  <system-out/>
  <testcase name="login" time="0.000" classname="testngflags.Flag3"/>
  <system-out/>
  <testcase name="login" time="0.001" classname="testngflags.Flag3"/>
  <system-out/>
  <testcase name="login" time="0.000" classname="testngflags.Flag3"/>
  <system-out/>
  <testcase name="login" time="0.001" classname="testngflags.Flag3"/>
  <system-out/>
  <testcase name="login" time="0.001" classname="testngflags.Flag3"/>
  <system-out/>
  <testcase name="login" time="0.000" classname="testngflags.Flag3"/>
  <system-out/>
  <testcase name="login" time="0.002" classname="testngflags.Flag3"/>
  <system-out/>
  <testcase name="login" time="0.001" classname="testngflags.Flag3"/>
  <system-out/>
  <testcase name="login" time="0.000" classname="testngflags.Flag3"/>
  <system-out/>
  <testcase name="login" time="0.000" classname="testngflags.Flag3"/>
  <system-out/>
  <testcase name="login" time="0.000" classname="testngflags.Flag3"/>
  <system-out/>
  <testcase name="login" time="0.001" classname="testngflags.Flag3"/>
  <system-out/>
  <testcase name="login" time="0.000" classname="testngflags.Flag3"/>
  <system-out/>
  <testcase name="login" time="0.000" classname="testngflags.Flag3"/>
  <system-out/>
  <testcase name="login" time="0.000" classname="testngflags.Flag3"/>
  <system-out/>
  <testcase name="login" time="0.000" classname="testngflags.Flag3"/>
  <system-out/>
  <testcase name="login" time="0.000" classname="testngflags.Flag3"/>
  <system-out/>
  <testcase name="login" time="0.001" classname="testngflags.Flag3"/>
  <system-out/>
  <testcase name="login" time="0.001" classname="testngflags.Flag3"/>
  <system-out/>
  <testcase name="login" time="0.000" classname="testngflags.Flag3"/>
  <system-out/>
  <testcase name="login" time="0.000" classname="testngflags.Flag3"/>
  <system-out/>
  <testcase name="login" time="0.000" classname="testngflags.Flag3"/>
  <system-out/>
  <testcase name="login" time="0.000" classname="testngflags.Flag3"/>
  <system-out/>
  <testcase name="login" time="0.001" classname="testngflags.Flag3"/>
  <system-out/>
  <testcase name="login" time="0.000" classname="testngflags.Flag3"/>
  <system-out/>
  <testcase name="login" time="0.001" classname="testngflags.Flag3"/>
  <system-out/>
  <testcase name="login" time="0.000" classname="testngflags.Flag3"/>
  <system-out/>
  <testcase name="login" time="0.000" classname="testngflags.Flag3"/>
  <system-out/>
  <testcase name="login" time="0.001" classname="testngflags.Flag3"/>
  <system-out/>
  <testcase name="login" time="0.000" classname="testngflags.Flag3"/>
  <system-out/>
  <testcase name="login" time="0.001" classname="testngflags.Flag3"/>
  <system-out/>
  <testcase name="login" time="0.000" classname="testngflags.Flag3"/>
  <system-out/>
  <testcase name="login" time="0.000" classname="testngflags.Flag3"/>
  <system-out/>
  <testcase name="login" time="0.000" classname="testngflags.Flag3"/>
  <system-out/>
  <testcase name="login" time="0.000" classname="testngflags.Flag3"/>
  <system-out/>
  <testcase name="login" time="0.001" classname="testngflags.Flag3"/>
  <system-out/>
  <testcase name="login" time="0.000" classname="testngflags.Flag3"/>
  <system-out/>
  <testcase name="login" time="0.000" classname="testngflags.Flag3"/>
  <system-out/>
  <testcase name="login" time="0.000" classname="testngflags.Flag3"/>
  <system-out/>
  <testcase name="login" time="0.000" classname="testngflags.Flag3"/>
  <system-out/>
  <testcase name="login" time="0.001" classname="testngflags.Flag3"/>
  <system-out/>
  <testcase name="login" time="0.001" classname="testngflags.Flag3"/>
  <system-out/>
  <testcase name="login" time="0.001" classname="testngflags.Flag3"/>
  <system-out/>
  <testcase name="login" time="0.000" classname="testngflags.Flag3"/>
  <system-out/>
  <testcase name="login" time="0.000" classname="testngflags.Flag3"/>
  <system-out/>
  <testcase name="login" time="0.000" classname="testngflags.Flag3"/>
  <system-out/>
  <testcase name="login" time="0.000" classname="testngflags.Flag3"/>
  <system-out/>
  <testcase name="login" time="0.000" classname="testngflags.Flag3"/>
  <system-out/>
</testsuite> <!-- testngflags.Flag3 -->
