<?xml version="1.0" encoding="UTF-8"?>
<!-- Generated by org.testng.reporters.JUnitReportReporter -->
<testsuite skipped="0" hostname="LAPTOP-SMC8HIAI" name="testngflags.ActiTimeLogin" tests="2" failures="0" timestamp="2022-06-07T08:40:17 IST" time="26.529" errors="0">
  <testcase name="validLogin" time="17.237" classname="testngflags.ActiTimeLogin"/>
  <system-out/>
  <testcase name="validLogin" time="9.292" classname="testngflags.ActiTimeLogin"/>
  <system-out/>
</testsuite> <!-- testngflags.ActiTimeLogin -->
