<?xml version="1.0" encoding="UTF-8"?>
<!-- Generated by org.testng.reporters.JUnitReportReporter -->
<testsuite skipped="0" hostname="LAPTOP-SMC8HIAI" name="testngflags.depend" tests="3" failures="0" timestamp="2022-06-04T16:05:29 IST" time="0.015" errors="0">
  <testcase name="logout" time="0.000" classname="testngflags.depend"/>
  <system-out>
    <![CDATA[logout from  actitime]]>
  </system-out>
  <testcase name="createContact" time="0.000" classname="testngflags.depend"/>
  <system-out>
    <![CDATA[Create contact]]>
  </system-out>
  <testcase name="login" time="0.015" classname="testngflags.depend"/>
  <system-out>
    <![CDATA[login to actitime]]>
  </system-out>
</testsuite> <!-- testngflags.depend -->
