<?xml version="1.0" encoding="UTF-8"?>
<!-- Generated by org.testng.reporters.JUnitReportReporter -->
<testsuite skipped="0" hostname="LAPTOP-SMC8HIAI" name="testngflags.Flag7" tests="6" failures="0" timestamp="2022-06-06T09:22:21 IST" time="0.021" errors="0">
  <testcase name="it6" time="0.002" classname="testngflags.Flag7"/>
  <system-out>
    <![CDATA[it6]]>
  </system-out>
  <testcase name="it5" time="0.001" classname="testngflags.Flag7"/>
  <system-out>
    <![CDATA[it5]]>
  </system-out>
  <testcase name="it3" time="0.001" classname="testngflags.Flag7"/>
  <system-out>
    <![CDATA[it3]]>
  </system-out>
  <testcase name="it2" time="0.002" classname="testngflags.Flag7"/>
  <system-out>
    <![CDATA[it2]]>
  </system-out>
  <testcase name="it4" time="0.001" classname="testngflags.Flag7"/>
  <system-out>
    <![CDATA[it4]]>
  </system-out>
  <testcase name="it1" time="0.014" classname="testngflags.Flag7"/>
  <system-out>
    <![CDATA[it1]]>
  </system-out>
</testsuite> <!-- testngflags.Flag7 -->
