<?xml version="1.0" encoding="UTF-8"?>
<!-- Generated by org.testng.reporters.JUnitReportReporter -->
<testsuite skipped="0" hostname="LAPTOP-SMC8HIAI" name="testngpack.Sumo" tests="1" failures="0" timestamp="2022-06-04T08:57:05 IST" time="0.007" errors="0">
  <testcase name="c" time="0.007" classname="testngpack.Sumo"/>
  <system-out>
    <![CDATA[Sumo class method]]>
  </system-out>
</testsuite> <!-- testngpack.Sumo -->
