<?xml version="1.0" encoding="UTF-8"?>
<!-- Generated by org.testng.reporters.JUnitReportReporter -->
<testsuite skipped="0" hostname="LAPTOP-SMC8HIAI" name="testngflags.ReadDataFromxml" tests="2" failures="0" timestamp="2022-06-06T09:56:45 IST" time="28.748" errors="0">
  <testcase name="launchBrowser" time="8.360" classname="testngflags.ReadDataFromxml"/>
  <system-out/>
  <testcase name="launchBrowser" time="20.388" classname="testngflags.ReadDataFromxml"/>
  <system-out/>
</testsuite> <!-- testngflags.ReadDataFromxml -->
