<?xml version="1.0" encoding="UTF-8"?>
<!-- Generated by org.testng.reporters.JUnitReportReporter -->
<testsuite skipped="0" hostname="LAPTOP-SMC8HIAI" name="testngflags.Flag1" tests="1" failures="0" timestamp="2022-06-04T09:03:32 IST" time="0.007" errors="0">
  <testcase name="login" time="0.007" classname="testngflags.Flag1"/>
  <system-out>
    <![CDATA[Login is performed]]>
  </system-out>
</testsuite> <!-- testngflags.Flag1 -->
