<?xml version="1.0" encoding="UTF-8"?>
<!-- Generated by org.testng.reporters.JUnitReportReporter -->
<testsuite skipped="0" hostname="LAPTOP-SMC8HIAI" name="testAnnotations.TestValidLogin" tests="3" failures="0" timestamp="2022-06-07T10:02:35 IST" time="32.663" errors="0">
  <testcase name="search3" time="11.318" classname="testAnnotations.TestValidLogin"/>
  <system-out/>
  <testcase name="search1" time="11.300" classname="testAnnotations.TestValidLogin"/>
  <system-out/>
  <testcase name="search2" time="10.045" classname="testAnnotations.TestValidLogin"/>
  <system-out/>
</testsuite> <!-- testAnnotations.TestValidLogin -->
