<?xml version="1.0" encoding="UTF-8"?>
<!-- Generated by org.testng.reporters.JUnitReportReporter -->
<testsuite skipped="0" hostname="LAPTOP-SMC8HIAI" name="testngflags.Flag41" tests="9" failures="0" timestamp="2022-06-04T09:25:07 IST" time="0.017" errors="0">
  <testcase name="a" time="0.008" classname="testngflags.Flag41"/>
  <system-out>
    <![CDATA[a]]>
  </system-out>
  <testcase name="b" time="0.001" classname="testngflags.Flag41"/>
  <system-out>
    <![CDATA[b]]>
  </system-out>
  <testcase name="k" time="0.002" classname="testngflags.Flag41"/>
  <system-out>
    <![CDATA[k]]>
  </system-out>
  <testcase name="g" time="0.001" classname="testngflags.Flag41"/>
  <system-out>
    <![CDATA[g]]>
  </system-out>
  <testcase name="l" time="0.001" classname="testngflags.Flag41"/>
  <system-out>
    <![CDATA[l]]>
  </system-out>
  <testcase name="h" time="0.001" classname="testngflags.Flag41"/>
  <system-out>
    <![CDATA[h]]>
  </system-out>
  <testcase name="p" time="0.001" classname="testngflags.Flag41"/>
  <system-out>
    <![CDATA[p]]>
  </system-out>
  <testcase name="z" time="0.001" classname="testngflags.Flag41"/>
  <system-out>
    <![CDATA[z]]>
  </system-out>
  <testcase name="m" time="0.001" classname="testngflags.Flag41"/>
  <system-out>
    <![CDATA[m]]>
  </system-out>
</testsuite> <!-- testngflags.Flag41 -->
