<?xml version="1.0" encoding="UTF-8"?>
<!-- Generated by org.testng.reporters.JUnitReportReporter -->
<testsuite skipped="0" hostname="LAPTOP-SMC8HIAI" name="testngflags.Class2" tests="1" failures="0" timestamp="2022-06-07T08:53:16 IST" time="17.768" errors="0">
  <testcase name="f" time="17.768" classname="testngflags.Class2"/>
  <system-out/>
</testsuite> <!-- testngflags.Class2 -->
