<?xml version="1.0" encoding="UTF-8"?>
<!-- Generated by org.testng.reporters.JUnitReportReporter -->
<testsuite skipped="0" hostname="LAPTOP-SMC8HIAI" name="testngpack.Demo" tests="1" failures="0" timestamp="2022-06-04T08:53:46 IST" time="0.001" errors="0">
  <testcase name="a" time="0.001" classname="testngpack.Demo"/>
  <system-out>
    <![CDATA[demo class method]]>
  </system-out>
</testsuite> <!-- testngpack.Demo -->
