<?xml version="1.0" encoding="UTF-8"?>
<!-- Generated by org.testng.reporters.JUnitReportReporter -->
<testsuite skipped="0" hostname="LAPTOP-SMC8HIAI" name="testngflags.Prog1" tests="2" failures="0" timestamp="2022-06-07T08:59:45 IST" time="0.014" errors="0">
  <testcase name="method1" time="0.007" classname="testngflags.Prog1"/>
  <system-out>
    <![CDATA[14  thread id
method1]]>
  </system-out>
  <testcase name="method2" time="0.007" classname="testngflags.Prog1"/>
  <system-out>
    <![CDATA[15  thread id
method2]]>
  </system-out>
</testsuite> <!-- testngflags.Prog1 -->
