<?xml version="1.0" encoding="UTF-8"?>
<!-- Generated by org.testng.reporters.JUnitReportReporter -->
<testsuite skipped="0" hostname="LAPTOP-SMC8HIAI" name="testAnnotations.NewTest" tests="1" failures="0" timestamp="2022-06-07T09:35:55 IST" time="0.008" errors="0">
  <testcase name="test" time="0.008" classname="testAnnotations.NewTest"/>
  <system-out>
    <![CDATA[Test case]]>
  </system-out>
</testsuite> <!-- testAnnotations.NewTest -->
