<?xml version="1.0" encoding="UTF-8"?>
<!-- Generated by org.testng.reporters.JUnitReportReporter -->
<testsuite skipped="0" hostname="LAPTOP-SMC8HIAI" name="testngpack.Remo" tests="1" failures="0" timestamp="2022-06-04T08:53:46 IST" time="0.002" errors="0">
  <testcase name="b" time="0.002" classname="testngpack.Remo"/>
  <system-out>
    <![CDATA[Remo class method]]>
  </system-out>
</testsuite> <!-- testngpack.Remo -->
